#
# A fatal error has been detected by the Java Runtime Environment:
#
#  EXCEPTION_ACCESS_VIOLATION (0xc0000005) at pc=0x00007ffeda843e31, pid=20732, tid=18092
#
# JRE version: OpenJDK Runtime Environment Temurin-11.0.17+8 (11.0.17+8) (build 11.0.17+8)
# Java VM: OpenJDK 64-Bit Server VM Temurin-11.0.17+8 (11.0.17+8, mixed mode, tiered, compressed oops, g1 gc, windows-amd64)
# Problematic frame:
# V  [jvm.dll+0x193e31]
#
# No core dump will be written. Minidumps are not enabled by default on client versions of Windows
#
# If you would like to submit a bug report, please visit:
#   https://github.com/adoptium/adoptium-support/issues
#

---------------  S U M M A R Y ------------

Command Line: -Djavax.net.ssl.trustStoreType=WINDOWS-ROOT com.st.microxplorer.maingui.STM32CubeMX C:\Users\80520\Desktop\STM32H7B0\base_1\STM32H7B0.ioc

Host: 12th Gen Intel(R) Core(TM) i5-12400, 12 cores, 31G,  Windows 11 , 64 bit Build 22621 (10.0.22621.2361)
Time: Mon Oct  2 08:41:55 2023  Windows 11 , 64 bit Build 22621 (10.0.22621.2361) elapsed time: 10.367467 seconds (0d 0h 0m 10s)

---------------  T H R E A D  ---------------

Current thread (0x0000012c76975000):  GCTaskThread "GC Thread#8" [stack: 0x0000000477e00000,0x0000000477f00000] [id=18092]

Stack: [0x0000000477e00000,0x0000000477f00000],  sp=0x0000000477eff868,  free space=1022k
Native frames: (J=compiled Java code, j=interpreted, Vv=VM code, C=native code)
V  [jvm.dll+0x193e31]


siginfo: EXCEPTION_ACCESS_VIOLATION (0xc0000005), reading address 0x000000000000c110


Register to memory mapping:

RIP=0x00007ffeda843e31 jvm.dll
RAX=0x000000000000c000 is an unknown value
RBX=0x00000006121b4dfc is pointing into object: com.st.microxplorer.mcu.RefParameter 
{0x00000006121b4d70} - klass: 'com/st/microxplorer/mcu/RefParameter'
RCX=0x0000000800000000 is pointing into metadata
RDX=0x0000000612a01a30 is pointing into object: com.st.microxplorer.mcu.RefParameter 
{0x0000000612a019d8} - klass: 'com/st/microxplorer/mcu/RefParameter'
RSP=0x0000000477eff868 points into unknown readable memory: 0x00007ffeda9b8e6e | 6e 8e 9b da fe 7f 00 00
RBP=0x0000012c03e578b0 points into unknown readable memory: 0x00007ffedaf69668 | 68 96 f6 da fe 7f 00 00
RSI=0x0000012c03e578b0 points into unknown readable memory: 0x00007ffedaf69668 | 68 96 f6 da fe 7f 00 00
RDI=0x0000000000000001 is an unknown value
R8 =0x0 is NULL
R9 =0x0000000800000000 is pointing into metadata
R10=0x00000006121b518c is pointing into object: java.util.ArrayList 
{0x00000006121b5178} - klass: 'java/util/ArrayList'
R11=0x0000012c03e57a20 points into unknown readable memory: 0x00007ffedaf69620 | 20 96 f6 da fe 7f 00 00
R12=0x0000012c76216bd0 points into unknown readable memory: 0x0000012c05c64b34 | 34 4b c6 05 2c 01 00 00
R13=0x00000000000003d8 is an unknown value
R14=0x0000000612a01a30 is pointing into object: com.st.microxplorer.mcu.RefParameter 
{0x0000000612a019d8} - klass: 'com/st/microxplorer/mcu/RefParameter'
R15=3260285814 is a compressed pointer to object: java.util.HashSet 
{0x0000000612a01bb0} - klass: 'java/util/HashSet'


Registers:
RAX=0x000000000000c000, RBX=0x00000006121b4dfc, RCX=0x0000000800000000, RDX=0x0000000612a01a30
RSP=0x0000000477eff868, RBP=0x0000012c03e578b0, RSI=0x0000012c03e578b0, RDI=0x0000000000000001
R8 =0x0000000000000000, R9 =0x0000000800000000, R10=0x00000006121b518c, R11=0x0000012c03e57a20
R12=0x0000012c76216bd0, R13=0x00000000000003d8, R14=0x0000000612a01a30, R15=0x00000000c2540376
RIP=0x00007ffeda843e31, EFLAGS=0x0000000000010246

Top of Stack: (sp=0x0000000477eff868)
0x0000000477eff868:   00007ffeda9b8e6e 00000006121b4d01
0x0000000477eff878:   0000012c03e578b0 00000006121b5178
0x0000000477eff888:   0000000000000064 0000000000000064
0x0000000477eff898:   00007ffe0000000b 000000091219b3a0
0x0000000477eff8a8:   00007ffeda99229e 0000012c03e578b0
0x0000000477eff8b8:   0000000000000000 0000012c477fb880
0x0000000477eff8c8:   00000000000003d8 0000012c76216bd0
0x0000000477eff8d8:   0000012c03e578b0 0000000477effa50
0x0000000477eff8e8:   00007ffeda99238b 0000012c03e578b0
0x0000000477eff8f8:   0000012c477fb880 000000000000001d
0x0000000477eff908:   00000006121b4dfc 0000012c477fb800
0x0000000477eff918:   00007ffeda9b9bfb 0000000000001b0e
0x0000000477eff928:   00000006125c2e18 00000006125c2de8
0x0000000477eff938:   00007ffeda98ce3e 000008a000004eec
0x0000000477eff948:   000008a000004eec 0000000600004eed
0x0000000477eff958:   0000000000000000 00000000000275a4 

Instructions: (pc=0x00007ffeda843e31)
0x00007ffeda843d31:   24 40 48 8b 74 24 48 48 83 c4 30 5f c3 48 8b 07
0x00007ffeda843d41:   48 8d 54 24 20 48 8b cf 66 0f 7f 44 24 20 ff 50
0x00007ffeda843d51:   38 48 8b 5c 24 40 48 8b 74 24 48 48 83 c4 30 5f
0x00007ffeda843d61:   c3 cc cc cc cc cc cc cc cc cc cc cc cc cc cc 48
0x00007ffeda843d71:   8b 49 38 48 8b 01 48 ff 60 28 cc cc cc cc cc 80
0x00007ffeda843d81:   3d 1a 82 91 00 00 48 8b c1 74 1b 8b 51 08 8b 0d
0x00007ffeda843d91:   83 c9 8c 00 48 d3 e2 48 8b c8 48 03 15 6e c9 8c
0x00007ffeda843da1:   00 e9 19 00 00 00 48 8b 51 08 48 8b c8 e9 0d 00
0x00007ffeda843db1:   00 00 cc cc cc cc cc cc cc cc cc cc cc cc cc 4c
0x00007ffeda843dc1:   8b ca 48 8b d1 45 8b 41 08 45 85 c0 7e 0e 41 f6
0x00007ffeda843dd1:   c0 01 75 56 41 c1 f8 03 41 8b c0 c3 79 4c 80 3d
0x00007ffeda843de1:   bb 81 91 00 00 b8 0c 00 00 00 b9 10 00 00 00 0f
0x00007ffeda843df1:   45 c8 8b 05 7b f9 8a 00 ff c8 4c 63 c8 48 63 14
0x00007ffeda843e01:   11 41 8b c8 83 e1 3f 48 d3 e2 41 8b c8 48 c1 f9
0x00007ffeda843e11:   10 0f b6 c1 49 8d 0c 11 49 f7 d1 48 03 c1 49 c1
0x00007ffeda843e21:   e9 03 48 c1 e8 03 41 23 c1 c3 49 8b 01 49 8b c9
0x00007ffeda843e31:   48 ff a0 10 01 00 00 cc cc cc cc cc cc cc cc 48
0x00007ffeda843e41:   8b c2 c3 cc cc cc cc cc cc cc cc cc cc cc cc 48
0x00007ffeda843e51:   83 ec 38 48 8b c1 48 8b 49 38 80 79 08 00 74 04
0x00007ffeda843e61:   48 8b 48 38 0f 10 02 48 8d 54 24 20 0f 29 44 24
0x00007ffeda843e71:   20 e8 09 f0 ff ff 48 83 c4 38 c3 cc cc cc cc 48
0x00007ffeda843e81:   83 ec 38 0f 10 02 48 8b 01 48 8d 54 24 20 0f 29
0x00007ffeda843e91:   44 24 20 ff 50 38 48 83 c4 38 c3 cc cc cc cc 48
0x00007ffeda843ea1:   89 5c 24 08 55 56 57 41 54 41 55 41 56 41 57 48
0x00007ffeda843eb1:   8d 6c 24 e0 48 81 ec 20 01 00 00 48 8b 05 85 51
0x00007ffeda843ec1:   8e 00 48 33 c4 48 89 45 10 48 8b 05 2f ee 90 00
0x00007ffeda843ed1:   45 33 ed 4c 8b b5 80 00 00 00 4c 8b fa 48 8b bd
0x00007ffeda843ee1:   88 00 00 00 4d 8b c6 49 8b d6 49 8b f1 48 8b 48
0x00007ffeda843ef1:   38 48 8b 59 48 49 8b cf c7 45 c0 ff ff ff ff 44
0x00007ffeda843f01:   89 6d d4 4c 89 6d d8 44 88 6d e0 c7 45 e8 ff ff
0x00007ffeda843f11:   ff ff 44 89 6d fc 4c 89 6d 00 44 88 6d 08 e8 0c
0x00007ffeda843f21:   fb f5 ff 41 b1 01 4c 8d 45 e8 41 8d 55 04 49 8b 


Stack slot to memory mapping:
stack at sp + 0 slots: 0x00007ffeda9b8e6e jvm.dll
stack at sp + 1 slots: 0x00000006121b4d01 is pointing into object: [B 
{0x00000006121b4cf8} - klass: {type array byte}
 - length: 31
stack at sp + 2 slots: 0x0000012c03e578b0 points into unknown readable memory: 0x00007ffedaf69668 | 68 96 f6 da fe 7f 00 00
stack at sp + 3 slots: 0x00000006121b5178 is an oop: java.util.ArrayList 
{0x00000006121b5178} - klass: 'java/util/ArrayList'
stack at sp + 4 slots: 0x0000000000000064 is an unknown value
stack at sp + 5 slots: 0x0000000000000064 is an unknown value
stack at sp + 6 slots: 0x00007ffe0000000b is an unknown value
stack at sp + 7 slots: 0x000000091219b3a0 is an unknown value


---------------  P R O C E S S  ---------------

Threads class SMR info:
_java_thread_list=0x0000012c0312e820, length=22, elements={
0x0000012c7614c800, 0x0000012c76157000, 0x0000012c761b1800, 0x0000012c761b3000,
0x0000012c761b4000, 0x0000012c761bc000, 0x0000012c761d0000, 0x0000012c761d2800,
0x0000012c7634b000, 0x0000012c77ad1000, 0x0000012c7774c000, 0x0000012c77686800,
0x0000012c782f7800, 0x0000012c78261800, 0x0000012c477e2800, 0x0000012c037e4800,
0x0000012c03b56800, 0x0000012c03b54000, 0x0000012c7825f800, 0x0000012c069c0800,
0x0000012c03b54800, 0x0000012c077cc000
}

Java Threads: ( => current thread )
  0x0000012c7614c800 JavaThread "Reference Handler" daemon [_thread_blocked, id=20160, stack(0x0000000476b00000,0x0000000476c00000)]
  0x0000012c76157000 JavaThread "Finalizer" daemon [_thread_blocked, id=12420, stack(0x0000000476c00000,0x0000000476d00000)]
  0x0000012c761b1800 JavaThread "Signal Dispatcher" daemon [_thread_blocked, id=19336, stack(0x0000000476d00000,0x0000000476e00000)]
  0x0000012c761b3000 JavaThread "Attach Listener" daemon [_thread_blocked, id=18108, stack(0x0000000476e00000,0x0000000476f00000)]
  0x0000012c761b4000 JavaThread "Service Thread" daemon [_thread_blocked, id=14096, stack(0x0000000476f00000,0x0000000477000000)]
  0x0000012c761bc000 JavaThread "C2 CompilerThread0" daemon [_thread_blocked, id=18644, stack(0x0000000477000000,0x0000000477100000)]
  0x0000012c761d0000 JavaThread "C1 CompilerThread0" daemon [_thread_blocked, id=3428, stack(0x0000000477100000,0x0000000477200000)]
  0x0000012c761d2800 JavaThread "Sweeper thread" daemon [_thread_blocked, id=11328, stack(0x0000000477200000,0x0000000477300000)]
  0x0000012c7634b000 JavaThread "Common-Cleaner" daemon [_thread_blocked, id=9084, stack(0x0000000477400000,0x0000000477500000)]
  0x0000012c77ad1000 JavaThread "Java2D Disposer" daemon [_thread_blocked, id=6692, stack(0x0000000477500000,0x0000000477600000)]
  0x0000012c7774c000 JavaThread "AWT-Shutdown" [_thread_blocked, id=10020, stack(0x0000000478100000,0x0000000478200000)]
  0x0000012c77686800 JavaThread "AWT-Windows" daemon [_thread_in_native, id=18480, stack(0x0000000478200000,0x0000000478300000)]
  0x0000012c782f7800 JavaThread "AWT-EventQueue-0" [_thread_blocked, id=6772, stack(0x0000000478500000,0x0000000478600000)]
  0x0000012c78261800 JavaThread "D3D Screen Updater" daemon [_thread_blocked, id=10660, stack(0x0000000478800000,0x0000000478900000)]
  0x0000012c477e2800 JavaThread "DestroyJavaVM" [_thread_blocked, id=18236, stack(0x0000000476400000,0x0000000476500000)]
  0x0000012c037e4800 JavaThread "Image Fetcher 0" daemon [_thread_blocked, id=9940, stack(0x0000000478b00000,0x0000000478c00000)]
  0x0000012c03b56800 JavaThread "TimerQueue" daemon [_thread_blocked, id=10708, stack(0x0000000478d00000,0x0000000478e00000)]
  0x0000012c03b54000 JavaThread "Keep-Alive-Timer" daemon [_thread_blocked, id=15560, stack(0x0000000478f00000,0x0000000479000000)]
  0x0000012c7825f800 JavaThread "C2 CompilerThread1" daemon [_thread_blocked, id=5136, stack(0x0000000478600000,0x0000000478700000)]
  0x0000012c069c0800 JavaThread "C2 CompilerThread2" daemon [_thread_blocked, id=10880, stack(0x0000000478a00000,0x0000000478b00000)]
  0x0000012c03b54800 JavaThread "SwingWorker-pool-2-thread-1" daemon [_thread_blocked, id=2928, stack(0x0000000478c00000,0x0000000478d00000)]
  0x0000012c077cc000 JavaThread "Thread-5056" daemon [_thread_blocked, id=8936, stack(0x0000000479300000,0x0000000479400000)]

Other Threads:
  0x0000012c76112800 VMThread "VM Thread" [stack: 0x0000000476a00000,0x0000000476b00000] [id=7676]
  0x0000012c76347000 WatcherThread [stack: 0x0000000477300000,0x0000000477400000] [id=6268]
  0x0000012c477fa800 GCTaskThread "GC Thread#0" [stack: 0x0000000476500000,0x0000000476600000] [id=4272]
  0x0000012c7791e000 GCTaskThread "GC Thread#1" [stack: 0x0000000477700000,0x0000000477800000] [id=10536]
  0x0000012c7691e000 GCTaskThread "GC Thread#2" [stack: 0x0000000477800000,0x0000000477900000] [id=7532]
  0x0000012c7778b000 GCTaskThread "GC Thread#3" [stack: 0x0000000477900000,0x0000000477a00000] [id=21100]
  0x0000012c76834800 GCTaskThread "GC Thread#4" [stack: 0x0000000477a00000,0x0000000477b00000] [id=8060]
  0x0000012c769b6000 GCTaskThread "GC Thread#5" [stack: 0x0000000477b00000,0x0000000477c00000] [id=2752]
  0x0000012c76973800 GCTaskThread "GC Thread#6" [stack: 0x0000000477c00000,0x0000000477d00000] [id=4088]
  0x0000012c76970000 GCTaskThread "GC Thread#7" [stack: 0x0000000477d00000,0x0000000477e00000] [id=3028]
=>0x0000012c76975000 GCTaskThread "GC Thread#8" [stack: 0x0000000477e00000,0x0000000477f00000] [id=18092]
  0x0000012c76974000 GCTaskThread "GC Thread#9" [stack: 0x0000000477f00000,0x0000000478000000] [id=5952]
  0x0000012c4787b800 ConcurrentGCThread "G1 Main Marker" [stack: 0x0000000476600000,0x0000000476700000] [id=1736]
  0x0000012c4787d000 ConcurrentGCThread "G1 Conc#0" [stack: 0x0000000476700000,0x0000000476800000] [id=19024]
  0x0000012c76971800 ConcurrentGCThread "G1 Conc#1" [stack: 0x0000000477600000,0x0000000477700000] [id=17100]
  0x0000012c76976800 ConcurrentGCThread "G1 Conc#2" [stack: 0x0000000478000000,0x0000000478100000] [id=6264]
  0x0000012c7577d800 ConcurrentGCThread "G1 Refine#0" [stack: 0x0000000476800000,0x0000000476900000] [id=15840]
  0x0000012c7577f800 ConcurrentGCThread "G1 Young RemSet Sampling" [stack: 0x0000000476900000,0x0000000476a00000] [id=21064]

Threads with active compile tasks:
C2 CompilerThread0    10409 7159   !   4       jdk.internal.math.FloatingDecimal::readJavaFormatString (826 bytes)

VM state:at safepoint (normal execution)

VM Mutex/Monitor currently owned by a thread:  ([mutex/lock_event])
[0x0000012c477de7e0] Threads_lock - owner thread: 0x0000012c76112800
[0x0000012c477df4d0] Heap_lock - owner thread: 0x0000012c077cc000

Heap address: 0x0000000603400000, size: 8140 MB, Compressed Oops mode: Zero based, Oop shift amount: 3
Narrow klass base: 0x0000000800000000, Narrow klass shift: 0
Compressed class space size: 1073741824 Address: 0x0000000800000000

Heap:
 garbage-first heap   total 626688K, used 453800K [0x0000000603400000, 0x0000000800000000)
  region size 2048K, 184 young (376832K), 14 survivors (28672K)
 Metaspace       used 68379K, capacity 72319K, committed 72456K, reserved 1112064K
  class space    used 7823K, capacity 9613K, committed 9728K, reserved 1048576K
Heap Regions: E=young(eden), S=young(survivor), O=old, HS=humongous(starts), HC=humongous(continues), CS=collection set, F=free, A=archive, TAMS=top-at-mark-start (previous, next)
|   0|0x0000000603400000, 0x0000000603600000, 0x0000000603600000|100%|HS|  |TAMS 0x0000000603600000, 0x0000000603400000| Complete 
|   1|0x0000000603600000, 0x0000000603800000, 0x0000000603800000|100%|HC|  |TAMS 0x0000000603800000, 0x0000000603600000| Complete 
|   2|0x0000000603800000, 0x0000000603a00000, 0x0000000603a00000|100%| O|  |TAMS 0x0000000603a00000, 0x0000000603800000| Untracked 
|   3|0x0000000603a00000, 0x0000000603c00000, 0x0000000603c00000|100%| O|  |TAMS 0x0000000603c00000, 0x0000000603a00000| Untracked 
|   4|0x0000000603c00000, 0x0000000603e00000, 0x0000000603e00000|100%| O|  |TAMS 0x0000000603e00000, 0x0000000603c00000| Untracked 
|   5|0x0000000603e00000, 0x0000000604000000, 0x0000000604000000|100%| O|  |TAMS 0x0000000604000000, 0x0000000603e00000| Untracked 
|   6|0x0000000604000000, 0x0000000604200000, 0x0000000604200000|100%| O|  |TAMS 0x0000000604200000, 0x0000000604000000| Untracked 
|   7|0x0000000604200000, 0x0000000604400000, 0x0000000604400000|100%| O|  |TAMS 0x00000006042bd400, 0x0000000604200000| Untracked 
|   8|0x0000000604400000, 0x0000000604600000, 0x0000000604600000|100%|HS|  |TAMS 0x0000000604600000, 0x0000000604400000| Complete 
|   9|0x0000000604600000, 0x0000000604800000, 0x0000000604800000|100%|HS|  |TAMS 0x0000000604800000, 0x0000000604600000| Complete 
|  10|0x0000000604800000, 0x0000000604a00000, 0x0000000604a00000|100%|HC|  |TAMS 0x0000000604a00000, 0x0000000604800000| Complete 
|  11|0x0000000604a00000, 0x0000000604c00000, 0x0000000604c00000|100%|HS|  |TAMS 0x0000000604c00000, 0x0000000604a00000| Complete 
|  12|0x0000000604c00000, 0x0000000604e00000, 0x0000000604e00000|100%|HC|  |TAMS 0x0000000604e00000, 0x0000000604c00000| Complete 
|  13|0x0000000604e00000, 0x0000000605000000, 0x0000000605000000|100%|HS|  |TAMS 0x0000000605000000, 0x0000000604e00000| Complete 
|  14|0x0000000605000000, 0x0000000605200000, 0x0000000605200000|100%|HC|  |TAMS 0x0000000605200000, 0x0000000605000000| Complete 
|  15|0x0000000605200000, 0x0000000605400000, 0x0000000605400000|100%|HS|  |TAMS 0x0000000605400000, 0x0000000605200000| Complete 
|  16|0x0000000605400000, 0x0000000605600000, 0x0000000605600000|100%|HC|  |TAMS 0x0000000605600000, 0x0000000605400000| Complete 
|  17|0x0000000605600000, 0x0000000605800000, 0x0000000605800000|100%|HS|  |TAMS 0x0000000605800000, 0x0000000605600000| Complete 
|  18|0x0000000605800000, 0x0000000605a00000, 0x0000000605a00000|100%|HC|  |TAMS 0x0000000605a00000, 0x0000000605800000| Complete 
|  19|0x0000000605a00000, 0x0000000605c00000, 0x0000000605c00000|100%|HS|  |TAMS 0x0000000605c00000, 0x0000000605a00000| Complete 
|  20|0x0000000605c00000, 0x0000000605e00000, 0x0000000605e00000|100%|HC|  |TAMS 0x0000000605e00000, 0x0000000605c00000| Complete 
|  21|0x0000000605e00000, 0x0000000606000000, 0x0000000606000000|100%|HS|  |TAMS 0x0000000606000000, 0x0000000605e00000| Complete 
|  22|0x0000000606000000, 0x0000000606200000, 0x0000000606200000|100%|HC|  |TAMS 0x0000000606200000, 0x0000000606000000| Complete 
|  23|0x0000000606200000, 0x0000000606400000, 0x0000000606400000|100%|HS|  |TAMS 0x0000000606400000, 0x0000000606200000| Complete 
|  24|0x0000000606400000, 0x0000000606600000, 0x0000000606600000|100%|HC|  |TAMS 0x0000000606600000, 0x0000000606400000| Complete 
|  25|0x0000000606600000, 0x0000000606800000, 0x0000000606800000|100%|HS|  |TAMS 0x0000000606800000, 0x0000000606600000| Complete 
|  26|0x0000000606800000, 0x0000000606a00000, 0x0000000606a00000|100%|HC|  |TAMS 0x0000000606a00000, 0x0000000606800000| Complete 
|  27|0x0000000606a00000, 0x0000000606c00000, 0x0000000606c00000|100%|HS|  |TAMS 0x0000000606c00000, 0x0000000606a00000| Complete 
|  28|0x0000000606c00000, 0x0000000606e00000, 0x0000000606e00000|100%|HC|  |TAMS 0x0000000606e00000, 0x0000000606c00000| Complete 
|  29|0x0000000606e00000, 0x0000000607000000, 0x0000000607000000|100%| O|  |TAMS 0x0000000606e00000, 0x0000000606e00000| Untracked 
|  30|0x0000000607000000, 0x0000000607200000, 0x0000000607200000|100%| O|  |TAMS 0x0000000607000000, 0x0000000607000000| Untracked 
|  31|0x0000000607200000, 0x0000000607400000, 0x0000000607400000|100%| O|  |TAMS 0x0000000607200000, 0x0000000607200000| Untracked 
|  32|0x0000000607400000, 0x0000000607600000, 0x0000000607600000|100%| O|  |TAMS 0x0000000607400000, 0x0000000607400000| Untracked 
|  33|0x0000000607600000, 0x0000000607800000, 0x0000000607800000|100%| O|  |TAMS 0x0000000607600000, 0x0000000607600000| Untracked 
|  34|0x0000000607800000, 0x0000000607a00000, 0x0000000607a00000|100%| O|  |TAMS 0x0000000607800000, 0x0000000607800000| Untracked 
|  35|0x0000000607a00000, 0x0000000607c00000, 0x0000000607c00000|100%| O|  |TAMS 0x0000000607a00000, 0x0000000607a00000| Untracked 
|  36|0x0000000607c00000, 0x0000000607e00000, 0x0000000607e00000|100%| O|  |TAMS 0x0000000607c00000, 0x0000000607c00000| Untracked 
|  37|0x0000000607e00000, 0x0000000608000000, 0x0000000608000000|100%| O|  |TAMS 0x0000000607e00000, 0x0000000607e00000| Untracked 
|  38|0x0000000608000000, 0x0000000608200000, 0x0000000608200000|100%| O|  |TAMS 0x0000000608000000, 0x0000000608000000| Untracked 
|  39|0x0000000608200000, 0x00000006082bda00, 0x0000000608400000| 37%| O|  |TAMS 0x0000000608200000, 0x0000000608200000| Untracked 
|  40|0x0000000608400000, 0x0000000608400000, 0x0000000608600000|  0%| F|  |TAMS 0x0000000608400000, 0x0000000608400000| Untracked 
|  41|0x0000000608600000, 0x0000000608600000, 0x0000000608800000|  0%| F|  |TAMS 0x0000000608600000, 0x0000000608600000| Untracked 
|  42|0x0000000608800000, 0x0000000608800000, 0x0000000608a00000|  0%| F|  |TAMS 0x0000000608800000, 0x0000000608800000| Untracked 
|  43|0x0000000608a00000, 0x0000000608a00000, 0x0000000608c00000|  0%| F|  |TAMS 0x0000000608a00000, 0x0000000608a00000| Untracked 
|  44|0x0000000608c00000, 0x0000000608c00000, 0x0000000608e00000|  0%| F|  |TAMS 0x0000000608c00000, 0x0000000608c00000| Untracked 
|  45|0x0000000608e00000, 0x0000000608e00000, 0x0000000609000000|  0%| F|  |TAMS 0x0000000608e00000, 0x0000000608e00000| Untracked 
|  46|0x0000000609000000, 0x0000000609000000, 0x0000000609200000|  0%| F|  |TAMS 0x0000000609000000, 0x0000000609000000| Untracked 
|  47|0x0000000609200000, 0x0000000609200000, 0x0000000609400000|  0%| F|  |TAMS 0x0000000609200000, 0x0000000609200000| Untracked 
|  48|0x0000000609400000, 0x0000000609400000, 0x0000000609600000|  0%| F|  |TAMS 0x0000000609400000, 0x0000000609400000| Untracked 
|  49|0x0000000609600000, 0x0000000609600000, 0x0000000609800000|  0%| F|  |TAMS 0x0000000609600000, 0x0000000609600000| Untracked 
|  50|0x0000000609800000, 0x0000000609800000, 0x0000000609a00000|  0%| F|  |TAMS 0x0000000609800000, 0x0000000609800000| Untracked 
|  51|0x0000000609a00000, 0x0000000609a00000, 0x0000000609c00000|  0%| F|  |TAMS 0x0000000609a00000, 0x0000000609a00000| Untracked 
|  52|0x0000000609c00000, 0x0000000609c00000, 0x0000000609e00000|  0%| F|  |TAMS 0x0000000609c00000, 0x0000000609c00000| Untracked 
|  53|0x0000000609e00000, 0x0000000609e00000, 0x000000060a000000|  0%| F|  |TAMS 0x0000000609e00000, 0x0000000609e00000| Untracked 
|  54|0x000000060a000000, 0x000000060a000000, 0x000000060a200000|  0%| F|  |TAMS 0x000000060a000000, 0x000000060a000000| Untracked 
|  55|0x000000060a200000, 0x000000060a200000, 0x000000060a400000|  0%| F|  |TAMS 0x000000060a200000, 0x000000060a200000| Untracked 
|  56|0x000000060a400000, 0x000000060a400000, 0x000000060a600000|  0%| F|  |TAMS 0x000000060a400000, 0x000000060a400000| Untracked 
|  57|0x000000060a600000, 0x000000060a600000, 0x000000060a800000|  0%| F|  |TAMS 0x000000060a600000, 0x000000060a600000| Untracked 
|  58|0x000000060a800000, 0x000000060a800000, 0x000000060aa00000|  0%| F|  |TAMS 0x000000060a800000, 0x000000060a800000| Untracked 
|  59|0x000000060aa00000, 0x000000060aa00000, 0x000000060ac00000|  0%| F|  |TAMS 0x000000060aa00000, 0x000000060aa00000| Untracked 
|  60|0x000000060ac00000, 0x000000060ac00000, 0x000000060ae00000|  0%| F|  |TAMS 0x000000060ac00000, 0x000000060ac00000| Untracked 
|  61|0x000000060ae00000, 0x000000060ae00000, 0x000000060b000000|  0%| F|  |TAMS 0x000000060ae00000, 0x000000060ae00000| Untracked 
|  62|0x000000060b000000, 0x000000060b000000, 0x000000060b200000|  0%| F|  |TAMS 0x000000060b000000, 0x000000060b000000| Untracked 
|  63|0x000000060b200000, 0x000000060b200000, 0x000000060b400000|  0%| F|  |TAMS 0x000000060b200000, 0x000000060b200000| Untracked 
|  64|0x000000060b400000, 0x000000060b400000, 0x000000060b600000|  0%| F|  |TAMS 0x000000060b400000, 0x000000060b400000| Untracked 
|  65|0x000000060b600000, 0x000000060b600000, 0x000000060b800000|  0%| F|  |TAMS 0x000000060b600000, 0x000000060b600000| Untracked 
|  66|0x000000060b800000, 0x000000060b800000, 0x000000060ba00000|  0%| F|  |TAMS 0x000000060b800000, 0x000000060b800000| Untracked 
|  67|0x000000060ba00000, 0x000000060ba00000, 0x000000060bc00000|  0%| F|  |TAMS 0x000000060ba00000, 0x000000060ba00000| Untracked 
|  68|0x000000060bc00000, 0x000000060bc00000, 0x000000060be00000|  0%| F|  |TAMS 0x000000060bc00000, 0x000000060bc00000| Untracked 
|  69|0x000000060be00000, 0x000000060be00000, 0x000000060c000000|  0%| F|  |TAMS 0x000000060be00000, 0x000000060be00000| Untracked 
|  70|0x000000060c000000, 0x000000060c000000, 0x000000060c200000|  0%| F|  |TAMS 0x000000060c000000, 0x000000060c000000| Untracked 
|  71|0x000000060c200000, 0x000000060c200000, 0x000000060c400000|  0%| F|  |TAMS 0x000000060c200000, 0x000000060c200000| Untracked 
|  72|0x000000060c400000, 0x000000060c400000, 0x000000060c600000|  0%| F|  |TAMS 0x000000060c400000, 0x000000060c400000| Untracked 
|  73|0x000000060c600000, 0x000000060c600000, 0x000000060c800000|  0%| F|  |TAMS 0x000000060c600000, 0x000000060c600000| Untracked 
|  74|0x000000060c800000, 0x000000060c800000, 0x000000060ca00000|  0%| F|  |TAMS 0x000000060c800000, 0x000000060c800000| Untracked 
|  75|0x000000060ca00000, 0x000000060ca00000, 0x000000060cc00000|  0%| F|  |TAMS 0x000000060ca00000, 0x000000060ca00000| Untracked 
|  76|0x000000060cc00000, 0x000000060cc00000, 0x000000060ce00000|  0%| F|  |TAMS 0x000000060cc00000, 0x000000060cc00000| Untracked 
|  77|0x000000060ce00000, 0x000000060ce00000, 0x000000060d000000|  0%| F|  |TAMS 0x000000060ce00000, 0x000000060ce00000| Untracked 
|  78|0x000000060d000000, 0x000000060d000000, 0x000000060d200000|  0%| F|  |TAMS 0x000000060d000000, 0x000000060d000000| Untracked 
|  79|0x000000060d200000, 0x000000060d200000, 0x000000060d400000|  0%| F|  |TAMS 0x000000060d200000, 0x000000060d200000| Untracked 
|  80|0x000000060d400000, 0x000000060d400000, 0x000000060d600000|  0%| F|  |TAMS 0x000000060d400000, 0x000000060d400000| Untracked 
|  81|0x000000060d600000, 0x000000060d600000, 0x000000060d800000|  0%| F|  |TAMS 0x000000060d600000, 0x000000060d600000| Untracked 
|  82|0x000000060d800000, 0x000000060d800000, 0x000000060da00000|  0%| F|  |TAMS 0x000000060d800000, 0x000000060d800000| Untracked 
|  83|0x000000060da00000, 0x000000060da00000, 0x000000060dc00000|  0%| F|  |TAMS 0x000000060da00000, 0x000000060da00000| Untracked 
|  84|0x000000060dc00000, 0x000000060dc00000, 0x000000060de00000|  0%| F|  |TAMS 0x000000060dc00000, 0x000000060dc00000| Untracked 
|  85|0x000000060de00000, 0x000000060de00000, 0x000000060e000000|  0%| F|  |TAMS 0x000000060de00000, 0x000000060de00000| Untracked 
|  86|0x000000060e000000, 0x000000060e000000, 0x000000060e200000|  0%| F|  |TAMS 0x000000060e000000, 0x000000060e000000| Untracked 
|  87|0x000000060e200000, 0x000000060e200000, 0x000000060e400000|  0%| F|  |TAMS 0x000000060e200000, 0x000000060e200000| Untracked 
|  88|0x000000060e400000, 0x000000060e400000, 0x000000060e600000|  0%| F|  |TAMS 0x000000060e400000, 0x000000060e400000| Untracked 
|  89|0x000000060e600000, 0x000000060e600000, 0x000000060e800000|  0%| F|  |TAMS 0x000000060e600000, 0x000000060e600000| Untracked 
|  90|0x000000060e800000, 0x000000060e800000, 0x000000060ea00000|  0%| F|  |TAMS 0x000000060e800000, 0x000000060e800000| Untracked 
|  91|0x000000060ea00000, 0x000000060ea00000, 0x000000060ec00000|  0%| F|  |TAMS 0x000000060ea00000, 0x000000060ea00000| Untracked 
|  92|0x000000060ec00000, 0x000000060ec00000, 0x000000060ee00000|  0%| F|  |TAMS 0x000000060ec00000, 0x000000060ec00000| Untracked 
|  93|0x000000060ee00000, 0x000000060ee00000, 0x000000060f000000|  0%| F|  |TAMS 0x000000060ee00000, 0x000000060ee00000| Untracked 
|  94|0x000000060f000000, 0x000000060f000000, 0x000000060f200000|  0%| F|  |TAMS 0x000000060f000000, 0x000000060f000000| Untracked 
|  95|0x000000060f200000, 0x000000060f200000, 0x000000060f400000|  0%| F|  |TAMS 0x000000060f200000, 0x000000060f200000| Untracked 
|  96|0x000000060f400000, 0x000000060f400000, 0x000000060f600000|  0%| F|  |TAMS 0x000000060f400000, 0x000000060f400000| Untracked 
|  97|0x000000060f600000, 0x000000060f600000, 0x000000060f800000|  0%| F|  |TAMS 0x000000060f600000, 0x000000060f600000| Untracked 
|  98|0x000000060f800000, 0x000000060f800000, 0x000000060fa00000|  0%| F|  |TAMS 0x000000060f800000, 0x000000060f800000| Untracked 
|  99|0x000000060fa00000, 0x000000060fa00000, 0x000000060fc00000|  0%| F|  |TAMS 0x000000060fa00000, 0x000000060fa00000| Untracked 
| 100|0x000000060fc00000, 0x000000060fc00000, 0x000000060fe00000|  0%| F|  |TAMS 0x000000060fc00000, 0x000000060fc00000| Untracked 
| 101|0x000000060fe00000, 0x000000060fe00000, 0x0000000610000000|  0%| F|  |TAMS 0x000000060fe00000, 0x000000060fe00000| Untracked 
| 102|0x0000000610000000, 0x0000000610000000, 0x0000000610200000|  0%| F|  |TAMS 0x0000000610000000, 0x0000000610000000| Untracked 
| 103|0x0000000610200000, 0x0000000610200000, 0x0000000610400000|  0%| F|  |TAMS 0x0000000610200000, 0x0000000610200000| Untracked 
| 104|0x0000000610400000, 0x0000000610400000, 0x0000000610600000|  0%| F|  |TAMS 0x0000000610400000, 0x0000000610400000| Untracked 
| 105|0x0000000610600000, 0x0000000610600000, 0x0000000610800000|  0%| F|  |TAMS 0x0000000610600000, 0x0000000610600000| Untracked 
| 106|0x0000000610800000, 0x0000000610800000, 0x0000000610a00000|  0%| F|  |TAMS 0x0000000610800000, 0x0000000610800000| Untracked 
| 107|0x0000000610a00000, 0x0000000610a00000, 0x0000000610c00000|  0%| F|  |TAMS 0x0000000610a00000, 0x0000000610a00000| Untracked 
| 108|0x0000000610c00000, 0x0000000610c00000, 0x0000000610e00000|  0%| F|  |TAMS 0x0000000610c00000, 0x0000000610c00000| Untracked 
| 109|0x0000000610e00000, 0x0000000610f52d18, 0x0000000611000000| 66%| S|  |TAMS 0x0000000610e00000, 0x0000000610e00000| Complete 
| 110|0x0000000611000000, 0x000000061106c8b8, 0x0000000611200000| 21%| E|CS|TAMS 0x0000000611000000, 0x0000000611000000| Complete 
| 111|0x0000000611200000, 0x0000000611400000, 0x0000000611400000|100%| E|CS|TAMS 0x0000000611200000, 0x0000000611200000| Complete 
| 112|0x0000000611400000, 0x0000000611600000, 0x0000000611600000|100%| E|CS|TAMS 0x0000000611400000, 0x0000000611400000| Complete 
| 113|0x0000000611600000, 0x0000000611800000, 0x0000000611800000|100%| S|  |TAMS 0x0000000611600000, 0x0000000611600000| Complete 
| 114|0x0000000611800000, 0x0000000611a00000, 0x0000000611a00000|100%| S|  |TAMS 0x0000000611800000, 0x0000000611800000| Complete 
| 115|0x0000000611a00000, 0x0000000611c00000, 0x0000000611c00000|100%| S|  |TAMS 0x0000000611a00000, 0x0000000611a00000| Complete 
| 116|0x0000000611c00000, 0x0000000611e00000, 0x0000000611e00000|100%| S|  |TAMS 0x0000000611c00000, 0x0000000611c00000| Complete 
| 117|0x0000000611e00000, 0x0000000612000000, 0x0000000612000000|100%| S|  |TAMS 0x0000000611e00000, 0x0000000611e00000| Complete 
| 118|0x0000000612000000, 0x0000000612200000, 0x0000000612200000|100%| S|  |TAMS 0x0000000612000000, 0x0000000612000000| Complete 
| 119|0x0000000612200000, 0x0000000612400000, 0x0000000612400000|100%| S|  |TAMS 0x0000000612200000, 0x0000000612200000| Complete 
| 120|0x0000000612400000, 0x0000000612600000, 0x0000000612600000|100%| S|  |TAMS 0x0000000612400000, 0x0000000612400000| Complete 
| 121|0x0000000612600000, 0x0000000612800000, 0x0000000612800000|100%| S|  |TAMS 0x0000000612600000, 0x0000000612600000| Complete 
| 122|0x0000000612800000, 0x0000000612a00000, 0x0000000612a00000|100%| S|  |TAMS 0x0000000612800000, 0x0000000612800000| Complete 
| 123|0x0000000612a00000, 0x0000000612c00000, 0x0000000612c00000|100%| E|CS|TAMS 0x0000000612a00000, 0x0000000612a00000| Complete 
| 124|0x0000000612c00000, 0x0000000612e00000, 0x0000000612e00000|100%| E|CS|TAMS 0x0000000612c00000, 0x0000000612c00000| Complete 
| 125|0x0000000612e00000, 0x0000000613000000, 0x0000000613000000|100%| E|CS|TAMS 0x0000000612e00000, 0x0000000612e00000| Complete 
| 126|0x0000000613000000, 0x0000000613200000, 0x0000000613200000|100%| E|CS|TAMS 0x0000000613000000, 0x0000000613000000| Complete 
| 127|0x0000000613200000, 0x0000000613400000, 0x0000000613400000|100%| E|CS|TAMS 0x0000000613200000, 0x0000000613200000| Complete 
| 128|0x0000000613400000, 0x0000000613600000, 0x0000000613600000|100%| E|CS|TAMS 0x0000000613400000, 0x0000000613400000| Complete 
| 129|0x0000000613600000, 0x0000000613800000, 0x0000000613800000|100%| E|CS|TAMS 0x0000000613600000, 0x0000000613600000| Complete 
| 130|0x0000000613800000, 0x0000000613a00000, 0x0000000613a00000|100%| E|CS|TAMS 0x0000000613800000, 0x0000000613800000| Complete 
| 131|0x0000000613a00000, 0x0000000613c00000, 0x0000000613c00000|100%| E|CS|TAMS 0x0000000613a00000, 0x0000000613a00000| Complete 
| 132|0x0000000613c00000, 0x0000000613e00000, 0x0000000613e00000|100%| E|CS|TAMS 0x0000000613c00000, 0x0000000613c00000| Complete 
| 133|0x0000000613e00000, 0x0000000614000000, 0x0000000614000000|100%| S|  |TAMS 0x0000000613e00000, 0x0000000613e00000| Complete 
| 134|0x0000000614000000, 0x0000000614200000, 0x0000000614200000|100%| S|  |TAMS 0x0000000614000000, 0x0000000614000000| Complete 
| 135|0x0000000614200000, 0x0000000614400000, 0x0000000614400000|100%| S|  |TAMS 0x0000000614200000, 0x0000000614200000| Complete 
| 136|0x0000000614400000, 0x0000000614600000, 0x0000000614600000|100%| E|CS|TAMS 0x0000000614400000, 0x0000000614400000| Complete 
| 137|0x0000000614600000, 0x0000000614800000, 0x0000000614800000|100%| E|CS|TAMS 0x0000000614600000, 0x0000000614600000| Complete 
| 138|0x0000000614800000, 0x0000000614a00000, 0x0000000614a00000|100%| E|CS|TAMS 0x0000000614800000, 0x0000000614800000| Complete 
| 139|0x0000000614a00000, 0x0000000614c00000, 0x0000000614c00000|100%| E|CS|TAMS 0x0000000614a00000, 0x0000000614a00000| Complete 
| 140|0x0000000614c00000, 0x0000000614e00000, 0x0000000614e00000|100%| E|CS|TAMS 0x0000000614c00000, 0x0000000614c00000| Complete 
| 141|0x0000000614e00000, 0x0000000615000000, 0x0000000615000000|100%| E|CS|TAMS 0x0000000614e00000, 0x0000000614e00000| Complete 
| 142|0x0000000615000000, 0x0000000615200000, 0x0000000615200000|100%| E|CS|TAMS 0x0000000615000000, 0x0000000615000000| Complete 
| 143|0x0000000615200000, 0x0000000615400000, 0x0000000615400000|100%| E|CS|TAMS 0x0000000615200000, 0x0000000615200000| Complete 
| 144|0x0000000615400000, 0x0000000615600000, 0x0000000615600000|100%| E|CS|TAMS 0x0000000615400000, 0x0000000615400000| Complete 
| 145|0x0000000615600000, 0x0000000615800000, 0x0000000615800000|100%| E|CS|TAMS 0x0000000615600000, 0x0000000615600000| Complete 
| 146|0x0000000615800000, 0x0000000615a00000, 0x0000000615a00000|100%| E|CS|TAMS 0x0000000615800000, 0x0000000615800000| Complete 
| 147|0x0000000615a00000, 0x0000000615c00000, 0x0000000615c00000|100%| E|CS|TAMS 0x0000000615a00000, 0x0000000615a00000| Complete 
| 148|0x0000000615c00000, 0x0000000615e00000, 0x0000000615e00000|100%| E|CS|TAMS 0x0000000615c00000, 0x0000000615c00000| Complete 
| 149|0x0000000615e00000, 0x0000000616000000, 0x0000000616000000|100%| E|CS|TAMS 0x0000000615e00000, 0x0000000615e00000| Complete 
| 150|0x0000000616000000, 0x0000000616200000, 0x0000000616200000|100%| E|CS|TAMS 0x0000000616000000, 0x0000000616000000| Complete 
| 151|0x0000000616200000, 0x0000000616400000, 0x0000000616400000|100%| E|CS|TAMS 0x0000000616200000, 0x0000000616200000| Complete 
| 152|0x0000000616400000, 0x0000000616600000, 0x0000000616600000|100%| E|CS|TAMS 0x0000000616400000, 0x0000000616400000| Complete 
| 153|0x0000000616600000, 0x0000000616800000, 0x0000000616800000|100%| E|CS|TAMS 0x0000000616600000, 0x0000000616600000| Complete 
| 154|0x0000000616800000, 0x0000000616a00000, 0x0000000616a00000|100%| E|CS|TAMS 0x0000000616800000, 0x0000000616800000| Complete 
| 155|0x0000000616a00000, 0x0000000616c00000, 0x0000000616c00000|100%| E|CS|TAMS 0x0000000616a00000, 0x0000000616a00000| Complete 
| 156|0x0000000616c00000, 0x0000000616e00000, 0x0000000616e00000|100%| E|CS|TAMS 0x0000000616c00000, 0x0000000616c00000| Complete 
| 157|0x0000000616e00000, 0x0000000617000000, 0x0000000617000000|100%| E|CS|TAMS 0x0000000616e00000, 0x0000000616e00000| Complete 
| 158|0x0000000617000000, 0x0000000617200000, 0x0000000617200000|100%| E|CS|TAMS 0x0000000617000000, 0x0000000617000000| Complete 
| 159|0x0000000617200000, 0x0000000617400000, 0x0000000617400000|100%| E|CS|TAMS 0x0000000617200000, 0x0000000617200000| Complete 
| 160|0x0000000617400000, 0x0000000617600000, 0x0000000617600000|100%| E|CS|TAMS 0x0000000617400000, 0x0000000617400000| Complete 
| 161|0x0000000617600000, 0x0000000617800000, 0x0000000617800000|100%| E|CS|TAMS 0x0000000617600000, 0x0000000617600000| Complete 
| 162|0x0000000617800000, 0x0000000617a00000, 0x0000000617a00000|100%| E|CS|TAMS 0x0000000617800000, 0x0000000617800000| Complete 
| 163|0x0000000617a00000, 0x0000000617c00000, 0x0000000617c00000|100%| E|CS|TAMS 0x0000000617a00000, 0x0000000617a00000| Complete 
| 164|0x0000000617c00000, 0x0000000617e00000, 0x0000000617e00000|100%| E|CS|TAMS 0x0000000617c00000, 0x0000000617c00000| Complete 
| 165|0x0000000617e00000, 0x0000000618000000, 0x0000000618000000|100%| E|CS|TAMS 0x0000000617e00000, 0x0000000617e00000| Complete 
| 166|0x0000000618000000, 0x0000000618200000, 0x0000000618200000|100%| E|CS|TAMS 0x0000000618000000, 0x0000000618000000| Complete 
| 167|0x0000000618200000, 0x0000000618400000, 0x0000000618400000|100%| E|CS|TAMS 0x0000000618200000, 0x0000000618200000| Complete 
| 168|0x0000000618400000, 0x0000000618600000, 0x0000000618600000|100%| E|CS|TAMS 0x0000000618400000, 0x0000000618400000| Complete 
| 169|0x0000000618600000, 0x0000000618800000, 0x0000000618800000|100%| E|CS|TAMS 0x0000000618600000, 0x0000000618600000| Complete 
| 170|0x0000000618800000, 0x0000000618a00000, 0x0000000618a00000|100%| E|CS|TAMS 0x0000000618800000, 0x0000000618800000| Complete 
| 171|0x0000000618a00000, 0x0000000618c00000, 0x0000000618c00000|100%| E|CS|TAMS 0x0000000618a00000, 0x0000000618a00000| Complete 
| 172|0x0000000618c00000, 0x0000000618e00000, 0x0000000618e00000|100%| E|CS|TAMS 0x0000000618c00000, 0x0000000618c00000| Complete 
| 173|0x0000000618e00000, 0x0000000619000000, 0x0000000619000000|100%| E|CS|TAMS 0x0000000618e00000, 0x0000000618e00000| Complete 
| 174|0x0000000619000000, 0x0000000619200000, 0x0000000619200000|100%| E|CS|TAMS 0x0000000619000000, 0x0000000619000000| Complete 
| 175|0x0000000619200000, 0x0000000619400000, 0x0000000619400000|100%| E|CS|TAMS 0x0000000619200000, 0x0000000619200000| Complete 
| 176|0x0000000619400000, 0x0000000619600000, 0x0000000619600000|100%| E|CS|TAMS 0x0000000619400000, 0x0000000619400000| Complete 
| 177|0x0000000619600000, 0x0000000619800000, 0x0000000619800000|100%| E|CS|TAMS 0x0000000619600000, 0x0000000619600000| Complete 
| 178|0x0000000619800000, 0x0000000619a00000, 0x0000000619a00000|100%| E|CS|TAMS 0x0000000619800000, 0x0000000619800000| Complete 
| 179|0x0000000619a00000, 0x0000000619c00000, 0x0000000619c00000|100%| E|CS|TAMS 0x0000000619a00000, 0x0000000619a00000| Complete 
| 180|0x0000000619c00000, 0x0000000619e00000, 0x0000000619e00000|100%| E|CS|TAMS 0x0000000619c00000, 0x0000000619c00000| Complete 
| 181|0x0000000619e00000, 0x000000061a000000, 0x000000061a000000|100%| E|CS|TAMS 0x0000000619e00000, 0x0000000619e00000| Complete 
| 182|0x000000061a000000, 0x000000061a200000, 0x000000061a200000|100%| E|CS|TAMS 0x000000061a000000, 0x000000061a000000| Complete 
| 183|0x000000061a200000, 0x000000061a400000, 0x000000061a400000|100%| E|CS|TAMS 0x000000061a200000, 0x000000061a200000| Complete 
| 184|0x000000061a400000, 0x000000061a600000, 0x000000061a600000|100%| E|CS|TAMS 0x000000061a400000, 0x000000061a400000| Complete 
| 185|0x000000061a600000, 0x000000061a800000, 0x000000061a800000|100%| E|CS|TAMS 0x000000061a600000, 0x000000061a600000| Complete 
| 186|0x000000061a800000, 0x000000061aa00000, 0x000000061aa00000|100%| E|CS|TAMS 0x000000061a800000, 0x000000061a800000| Complete 
| 187|0x000000061aa00000, 0x000000061ac00000, 0x000000061ac00000|100%| E|CS|TAMS 0x000000061aa00000, 0x000000061aa00000| Complete 
| 188|0x000000061ac00000, 0x000000061ae00000, 0x000000061ae00000|100%| E|CS|TAMS 0x000000061ac00000, 0x000000061ac00000| Complete 
| 189|0x000000061ae00000, 0x000000061b000000, 0x000000061b000000|100%| E|CS|TAMS 0x000000061ae00000, 0x000000061ae00000| Complete 
| 190|0x000000061b000000, 0x000000061b200000, 0x000000061b200000|100%| E|CS|TAMS 0x000000061b000000, 0x000000061b000000| Complete 
| 191|0x000000061b200000, 0x000000061b400000, 0x000000061b400000|100%| E|CS|TAMS 0x000000061b200000, 0x000000061b200000| Complete 
| 192|0x000000061b400000, 0x000000061b600000, 0x000000061b600000|100%| E|CS|TAMS 0x000000061b400000, 0x000000061b400000| Complete 
| 193|0x000000061b600000, 0x000000061b800000, 0x000000061b800000|100%| E|CS|TAMS 0x000000061b600000, 0x000000061b600000| Complete 
| 194|0x000000061b800000, 0x000000061ba00000, 0x000000061ba00000|100%| E|CS|TAMS 0x000000061b800000, 0x000000061b800000| Complete 
| 195|0x000000061ba00000, 0x000000061bc00000, 0x000000061bc00000|100%| E|CS|TAMS 0x000000061ba00000, 0x000000061ba00000| Complete 
| 196|0x000000061bc00000, 0x000000061be00000, 0x000000061be00000|100%| E|CS|TAMS 0x000000061bc00000, 0x000000061bc00000| Complete 
| 197|0x000000061be00000, 0x000000061c000000, 0x000000061c000000|100%| E|CS|TAMS 0x000000061be00000, 0x000000061be00000| Complete 
| 198|0x000000061c000000, 0x000000061c200000, 0x000000061c200000|100%| E|CS|TAMS 0x000000061c000000, 0x000000061c000000| Complete 
| 199|0x000000061c200000, 0x000000061c400000, 0x000000061c400000|100%| E|CS|TAMS 0x000000061c200000, 0x000000061c200000| Complete 
| 200|0x000000061c400000, 0x000000061c600000, 0x000000061c600000|100%| E|CS|TAMS 0x000000061c400000, 0x000000061c400000| Complete 
| 201|0x000000061c600000, 0x000000061c800000, 0x000000061c800000|100%| E|CS|TAMS 0x000000061c600000, 0x000000061c600000| Complete 
| 202|0x000000061c800000, 0x000000061ca00000, 0x000000061ca00000|100%| E|CS|TAMS 0x000000061c800000, 0x000000061c800000| Complete 
| 203|0x000000061ca00000, 0x000000061cc00000, 0x000000061cc00000|100%| E|CS|TAMS 0x000000061ca00000, 0x000000061ca00000| Complete 
| 204|0x000000061cc00000, 0x000000061ce00000, 0x000000061ce00000|100%| E|CS|TAMS 0x000000061cc00000, 0x000000061cc00000| Complete 
| 205|0x000000061ce00000, 0x000000061d000000, 0x000000061d000000|100%| E|CS|TAMS 0x000000061ce00000, 0x000000061ce00000| Complete 
| 206|0x000000061d000000, 0x000000061d200000, 0x000000061d200000|100%| E|CS|TAMS 0x000000061d000000, 0x000000061d000000| Complete 
| 207|0x000000061d200000, 0x000000061d400000, 0x000000061d400000|100%| E|CS|TAMS 0x000000061d200000, 0x000000061d200000| Complete 
| 208|0x000000061d400000, 0x000000061d600000, 0x000000061d600000|100%| E|CS|TAMS 0x000000061d400000, 0x000000061d400000| Complete 
| 209|0x000000061d600000, 0x000000061d800000, 0x000000061d800000|100%| E|CS|TAMS 0x000000061d600000, 0x000000061d600000| Complete 
| 210|0x000000061d800000, 0x000000061da00000, 0x000000061da00000|100%| E|CS|TAMS 0x000000061d800000, 0x000000061d800000| Complete 
| 211|0x000000061da00000, 0x000000061dc00000, 0x000000061dc00000|100%| E|CS|TAMS 0x000000061da00000, 0x000000061da00000| Complete 
| 212|0x000000061dc00000, 0x000000061de00000, 0x000000061de00000|100%| E|CS|TAMS 0x000000061dc00000, 0x000000061dc00000| Complete 
| 213|0x000000061de00000, 0x000000061e000000, 0x000000061e000000|100%| E|CS|TAMS 0x000000061de00000, 0x000000061de00000| Complete 
| 214|0x000000061e000000, 0x000000061e200000, 0x000000061e200000|100%| E|CS|TAMS 0x000000061e000000, 0x000000061e000000| Complete 
| 215|0x000000061e200000, 0x000000061e400000, 0x000000061e400000|100%| E|CS|TAMS 0x000000061e200000, 0x000000061e200000| Complete 
| 216|0x000000061e400000, 0x000000061e600000, 0x000000061e600000|100%| E|CS|TAMS 0x000000061e400000, 0x000000061e400000| Complete 
| 217|0x000000061e600000, 0x000000061e800000, 0x000000061e800000|100%| E|CS|TAMS 0x000000061e600000, 0x000000061e600000| Complete 
| 218|0x000000061e800000, 0x000000061ea00000, 0x000000061ea00000|100%| E|CS|TAMS 0x000000061e800000, 0x000000061e800000| Complete 
| 219|0x000000061ea00000, 0x000000061ec00000, 0x000000061ec00000|100%| E|CS|TAMS 0x000000061ea00000, 0x000000061ea00000| Complete 
| 220|0x000000061ec00000, 0x000000061ee00000, 0x000000061ee00000|100%| E|CS|TAMS 0x000000061ec00000, 0x000000061ec00000| Complete 
| 221|0x000000061ee00000, 0x000000061f000000, 0x000000061f000000|100%| E|CS|TAMS 0x000000061ee00000, 0x000000061ee00000| Complete 
| 222|0x000000061f000000, 0x000000061f200000, 0x000000061f200000|100%| E|CS|TAMS 0x000000061f000000, 0x000000061f000000| Complete 
| 223|0x000000061f200000, 0x000000061f400000, 0x000000061f400000|100%| E|CS|TAMS 0x000000061f200000, 0x000000061f200000| Complete 
| 224|0x000000061f400000, 0x000000061f600000, 0x000000061f600000|100%| E|CS|TAMS 0x000000061f400000, 0x000000061f400000| Complete 
| 225|0x000000061f600000, 0x000000061f800000, 0x000000061f800000|100%| E|CS|TAMS 0x000000061f600000, 0x000000061f600000| Complete 
| 226|0x000000061f800000, 0x000000061fa00000, 0x000000061fa00000|100%| E|CS|TAMS 0x000000061f800000, 0x000000061f800000| Complete 
| 227|0x000000061fa00000, 0x000000061fc00000, 0x000000061fc00000|100%| E|CS|TAMS 0x000000061fa00000, 0x000000061fa00000| Complete 
| 228|0x000000061fc00000, 0x000000061fe00000, 0x000000061fe00000|100%| E|CS|TAMS 0x000000061fc00000, 0x000000061fc00000| Complete 
| 229|0x000000061fe00000, 0x0000000620000000, 0x0000000620000000|100%| E|CS|TAMS 0x000000061fe00000, 0x000000061fe00000| Complete 
| 230|0x0000000620000000, 0x0000000620200000, 0x0000000620200000|100%| E|CS|TAMS 0x0000000620000000, 0x0000000620000000| Complete 
| 231|0x0000000620200000, 0x0000000620400000, 0x0000000620400000|100%| E|CS|TAMS 0x0000000620200000, 0x0000000620200000| Complete 
| 232|0x0000000620400000, 0x0000000620600000, 0x0000000620600000|100%| E|CS|TAMS 0x0000000620400000, 0x0000000620400000| Complete 
| 233|0x0000000620600000, 0x0000000620800000, 0x0000000620800000|100%| E|CS|TAMS 0x0000000620600000, 0x0000000620600000| Complete 
| 234|0x0000000620800000, 0x0000000620a00000, 0x0000000620a00000|100%| E|CS|TAMS 0x0000000620800000, 0x0000000620800000| Complete 
| 235|0x0000000620a00000, 0x0000000620c00000, 0x0000000620c00000|100%| E|CS|TAMS 0x0000000620a00000, 0x0000000620a00000| Complete 
| 236|0x0000000620c00000, 0x0000000620e00000, 0x0000000620e00000|100%| E|CS|TAMS 0x0000000620c00000, 0x0000000620c00000| Complete 
| 237|0x0000000620e00000, 0x0000000621000000, 0x0000000621000000|100%| E|CS|TAMS 0x0000000620e00000, 0x0000000620e00000| Complete 
| 238|0x0000000621000000, 0x0000000621200000, 0x0000000621200000|100%| E|CS|TAMS 0x0000000621000000, 0x0000000621000000| Complete 
| 239|0x0000000621200000, 0x0000000621400000, 0x0000000621400000|100%| E|CS|TAMS 0x0000000621200000, 0x0000000621200000| Complete 
| 240|0x0000000621400000, 0x0000000621600000, 0x0000000621600000|100%| E|CS|TAMS 0x0000000621400000, 0x0000000621400000| Complete 
| 241|0x0000000621600000, 0x0000000621800000, 0x0000000621800000|100%| E|CS|TAMS 0x0000000621600000, 0x0000000621600000| Complete 
| 242|0x0000000621800000, 0x0000000621a00000, 0x0000000621a00000|100%| E|CS|TAMS 0x0000000621800000, 0x0000000621800000| Complete 
| 243|0x0000000621a00000, 0x0000000621c00000, 0x0000000621c00000|100%| E|CS|TAMS 0x0000000621a00000, 0x0000000621a00000| Complete 
| 244|0x0000000621c00000, 0x0000000621e00000, 0x0000000621e00000|100%| E|CS|TAMS 0x0000000621c00000, 0x0000000621c00000| Complete 
| 245|0x0000000621e00000, 0x0000000622000000, 0x0000000622000000|100%| E|CS|TAMS 0x0000000621e00000, 0x0000000621e00000| Complete 
| 246|0x0000000622000000, 0x0000000622200000, 0x0000000622200000|100%| E|CS|TAMS 0x0000000622000000, 0x0000000622000000| Complete 
| 247|0x0000000622200000, 0x0000000622400000, 0x0000000622400000|100%| E|CS|TAMS 0x0000000622200000, 0x0000000622200000| Complete 
| 248|0x0000000622400000, 0x0000000622600000, 0x0000000622600000|100%| E|CS|TAMS 0x0000000622400000, 0x0000000622400000| Complete 
| 249|0x0000000622600000, 0x0000000622800000, 0x0000000622800000|100%| E|CS|TAMS 0x0000000622600000, 0x0000000622600000| Complete 
| 250|0x0000000622800000, 0x0000000622a00000, 0x0000000622a00000|100%| E|CS|TAMS 0x0000000622800000, 0x0000000622800000| Complete 
| 251|0x0000000622a00000, 0x0000000622c00000, 0x0000000622c00000|100%| E|CS|TAMS 0x0000000622a00000, 0x0000000622a00000| Complete 
| 252|0x0000000622c00000, 0x0000000622e00000, 0x0000000622e00000|100%| E|CS|TAMS 0x0000000622c00000, 0x0000000622c00000| Complete 
| 253|0x0000000622e00000, 0x0000000623000000, 0x0000000623000000|100%| E|CS|TAMS 0x0000000622e00000, 0x0000000622e00000| Complete 
| 254|0x0000000623000000, 0x0000000623200000, 0x0000000623200000|100%| E|CS|TAMS 0x0000000623000000, 0x0000000623000000| Complete 
| 255|0x0000000623200000, 0x0000000623400000, 0x0000000623400000|100%| E|CS|TAMS 0x0000000623200000, 0x0000000623200000| Complete 
| 256|0x0000000623400000, 0x0000000623600000, 0x0000000623600000|100%| E|CS|TAMS 0x0000000623400000, 0x0000000623400000| Complete 
| 257|0x0000000623600000, 0x0000000623800000, 0x0000000623800000|100%| E|CS|TAMS 0x0000000623600000, 0x0000000623600000| Complete 
| 258|0x0000000623800000, 0x0000000623a00000, 0x0000000623a00000|100%| E|CS|TAMS 0x0000000623800000, 0x0000000623800000| Complete 
| 259|0x0000000623a00000, 0x0000000623c00000, 0x0000000623c00000|100%| E|CS|TAMS 0x0000000623a00000, 0x0000000623a00000| Complete 
| 260|0x0000000623c00000, 0x0000000623e00000, 0x0000000623e00000|100%| E|CS|TAMS 0x0000000623c00000, 0x0000000623c00000| Complete 
| 261|0x0000000623e00000, 0x0000000624000000, 0x0000000624000000|100%| E|CS|TAMS 0x0000000623e00000, 0x0000000623e00000| Complete 
| 262|0x0000000624000000, 0x0000000624200000, 0x0000000624200000|100%| E|CS|TAMS 0x0000000624000000, 0x0000000624000000| Complete 
| 263|0x0000000624200000, 0x0000000624400000, 0x0000000624400000|100%| E|CS|TAMS 0x0000000624200000, 0x0000000624200000| Complete 
| 264|0x0000000624400000, 0x0000000624600000, 0x0000000624600000|100%| E|CS|TAMS 0x0000000624400000, 0x0000000624400000| Complete 
| 265|0x0000000624600000, 0x0000000624800000, 0x0000000624800000|100%| E|CS|TAMS 0x0000000624600000, 0x0000000624600000| Complete 
| 266|0x0000000624800000, 0x0000000624a00000, 0x0000000624a00000|100%| E|CS|TAMS 0x0000000624800000, 0x0000000624800000| Complete 
| 267|0x0000000624a00000, 0x0000000624c00000, 0x0000000624c00000|100%| E|CS|TAMS 0x0000000624a00000, 0x0000000624a00000| Complete 
| 268|0x0000000624c00000, 0x0000000624e00000, 0x0000000624e00000|100%| E|CS|TAMS 0x0000000624c00000, 0x0000000624c00000| Complete 
| 269|0x0000000624e00000, 0x0000000625000000, 0x0000000625000000|100%| E|CS|TAMS 0x0000000624e00000, 0x0000000624e00000| Complete 
| 270|0x0000000625000000, 0x0000000625200000, 0x0000000625200000|100%| E|CS|TAMS 0x0000000625000000, 0x0000000625000000| Complete 
| 271|0x0000000625200000, 0x0000000625400000, 0x0000000625400000|100%| E|CS|TAMS 0x0000000625200000, 0x0000000625200000| Complete 
| 272|0x0000000625400000, 0x0000000625600000, 0x0000000625600000|100%| E|CS|TAMS 0x0000000625400000, 0x0000000625400000| Complete 
| 273|0x0000000625600000, 0x0000000625800000, 0x0000000625800000|100%| E|CS|TAMS 0x0000000625600000, 0x0000000625600000| Complete 
| 274|0x0000000625800000, 0x0000000625a00000, 0x0000000625a00000|100%| E|CS|TAMS 0x0000000625800000, 0x0000000625800000| Complete 
| 275|0x0000000625a00000, 0x0000000625c00000, 0x0000000625c00000|100%| E|CS|TAMS 0x0000000625a00000, 0x0000000625a00000| Complete 
| 276|0x0000000625c00000, 0x0000000625e00000, 0x0000000625e00000|100%| E|CS|TAMS 0x0000000625c00000, 0x0000000625c00000| Complete 
| 277|0x0000000625e00000, 0x0000000626000000, 0x0000000626000000|100%| E|CS|TAMS 0x0000000625e00000, 0x0000000625e00000| Complete 
| 278|0x0000000626000000, 0x0000000626200000, 0x0000000626200000|100%| E|CS|TAMS 0x0000000626000000, 0x0000000626000000| Complete 
| 279|0x0000000626200000, 0x0000000626400000, 0x0000000626400000|100%| E|CS|TAMS 0x0000000626200000, 0x0000000626200000| Complete 
| 280|0x0000000626400000, 0x0000000626600000, 0x0000000626600000|100%| E|CS|TAMS 0x0000000626400000, 0x0000000626400000| Complete 
| 281|0x0000000626600000, 0x0000000626800000, 0x0000000626800000|100%| E|CS|TAMS 0x0000000626600000, 0x0000000626600000| Complete 
| 282|0x0000000626800000, 0x0000000626a00000, 0x0000000626a00000|100%| E|CS|TAMS 0x0000000626800000, 0x0000000626800000| Complete 
| 283|0x0000000626a00000, 0x0000000626c00000, 0x0000000626c00000|100%| E|CS|TAMS 0x0000000626a00000, 0x0000000626a00000| Complete 
| 284|0x0000000626c00000, 0x0000000626e00000, 0x0000000626e00000|100%| E|CS|TAMS 0x0000000626c00000, 0x0000000626c00000| Complete 
| 285|0x0000000626e00000, 0x0000000627000000, 0x0000000627000000|100%| E|CS|TAMS 0x0000000626e00000, 0x0000000626e00000| Complete 
| 286|0x0000000627000000, 0x0000000627200000, 0x0000000627200000|100%| E|CS|TAMS 0x0000000627000000, 0x0000000627000000| Complete 
| 287|0x0000000627200000, 0x0000000627400000, 0x0000000627400000|100%| E|CS|TAMS 0x0000000627200000, 0x0000000627200000| Complete 
| 288|0x0000000627400000, 0x0000000627600000, 0x0000000627600000|100%| E|CS|TAMS 0x0000000627400000, 0x0000000627400000| Complete 
| 289|0x0000000627600000, 0x0000000627800000, 0x0000000627800000|100%| E|CS|TAMS 0x0000000627600000, 0x0000000627600000| Complete 
| 290|0x0000000627800000, 0x0000000627a00000, 0x0000000627a00000|100%| E|CS|TAMS 0x0000000627800000, 0x0000000627800000| Complete 
| 291|0x0000000627a00000, 0x0000000627c00000, 0x0000000627c00000|100%| E|CS|TAMS 0x0000000627a00000, 0x0000000627a00000| Complete 
| 292|0x0000000627c00000, 0x0000000627e00000, 0x0000000627e00000|100%| E|CS|TAMS 0x0000000627c00000, 0x0000000627c00000| Complete 
| 293|0x0000000627e00000, 0x0000000628000000, 0x0000000628000000|100%| E|CS|TAMS 0x0000000627e00000, 0x0000000627e00000| Complete 
| 294|0x0000000628000000, 0x0000000628200000, 0x0000000628200000|100%| E|CS|TAMS 0x0000000628000000, 0x0000000628000000| Complete 
| 295|0x0000000628200000, 0x0000000628400000, 0x0000000628400000|100%| E|CS|TAMS 0x0000000628200000, 0x0000000628200000| Complete 
| 296|0x0000000628400000, 0x0000000628600000, 0x0000000628600000|100%| E|CS|TAMS 0x0000000628400000, 0x0000000628400000| Complete 
| 297|0x0000000628600000, 0x0000000628800000, 0x0000000628800000|100%| E|CS|TAMS 0x0000000628600000, 0x0000000628600000| Complete 
| 298|0x0000000628800000, 0x0000000628a00000, 0x0000000628a00000|100%| E|CS|TAMS 0x0000000628800000, 0x0000000628800000| Complete 
| 299|0x0000000628a00000, 0x0000000628c00000, 0x0000000628c00000|100%| E|CS|TAMS 0x0000000628a00000, 0x0000000628a00000| Complete 
| 300|0x0000000628c00000, 0x0000000628e00000, 0x0000000628e00000|100%| E|CS|TAMS 0x0000000628c00000, 0x0000000628c00000| Complete 
| 301|0x0000000628e00000, 0x0000000629000000, 0x0000000629000000|100%| E|CS|TAMS 0x0000000628e00000, 0x0000000628e00000| Complete 
| 302|0x0000000629000000, 0x0000000629200000, 0x0000000629200000|100%| E|CS|TAMS 0x0000000629000000, 0x0000000629000000| Complete 
| 303|0x0000000629200000, 0x0000000629400000, 0x0000000629400000|100%| E|CS|TAMS 0x0000000629200000, 0x0000000629200000| Complete 
| 304|0x0000000629400000, 0x0000000629600000, 0x0000000629600000|100%| E|CS|TAMS 0x0000000629400000, 0x0000000629400000| Complete 
| 305|0x0000000629600000, 0x0000000629800000, 0x0000000629800000|100%| E|CS|TAMS 0x0000000629600000, 0x0000000629600000| Complete 

Card table byte_map: [0x0000012c60be0000,0x0000012c61bd0000] _byte_map_base: 0x0000012c5dbc6000

Marking Bits (Prev, Next): (CMBitMap*) 0x0000012c4786adc8, (CMBitMap*) 0x0000012c4786ae00
 Prev Bits: [0x0000012c62bc0000, 0x0000012c6aaf0000)
 Next Bits: [0x0000012c6aaf0000, 0x0000012c72a20000)

Polling page: 0x0000012c45730000

Metaspace:

Usage:
  Non-class:     61.24 MB capacity,    59.14 MB ( 97%) used,     1.88 MB (  3%) free+waste,   221.63 KB ( <1%) overhead. 
      Class:      9.39 MB capacity,     7.64 MB ( 81%) used,     1.64 MB ( 18%) free+waste,   106.25 KB (  1%) overhead. 
       Both:     70.62 MB capacity,    66.78 MB ( 95%) used,     3.53 MB (  5%) free+waste,   327.88 KB ( <1%) overhead. 

Virtual space:
  Non-class space:       62.00 MB reserved,      61.26 MB ( 99%) committed 
      Class space:        1.00 GB reserved,       9.50 MB ( <1%) committed 
             Both:        1.06 GB reserved,      70.76 MB (  7%) committed 

Chunk freelists:
   Non-Class:  22.00 KB
       Class:  19.00 KB
        Both:  41.00 KB

MaxMetaspaceSize: 17179869184.00 GB
CompressedClassSpaceSize: 1.00 GB
Initial GC threshold: 20.80 MB
Current GC threshold: 112.30 MB
CDS: off

CodeHeap 'non-profiled nmethods': size=120000Kb used=5224Kb max_used=5224Kb free=114776Kb
 bounds [0x0000012c58170000, 0x0000012c58690000, 0x0000012c5f6a0000]
CodeHeap 'profiled nmethods': size=120000Kb used=17155Kb max_used=17155Kb free=102845Kb
 bounds [0x0000012c50c40000, 0x0000012c51d10000, 0x0000012c58170000]
CodeHeap 'non-nmethods': size=5760Kb used=1557Kb max_used=1640Kb free=4202Kb
 bounds [0x0000012c506a0000, 0x0000012c50910000, 0x0000012c50c40000]
 total_blobs=8051 nmethods=7129 adapters=833
 compilation: enabled
              stopped_count=0, restarted_count=0
 full_count=0

Compilation events (20 events):
Event: 10.335 Thread 0x0000012c761d0000 nmethod 7150 0x0000012c51cfe410 code [0x0000012c51cfe5c0, 0x0000012c51cfe718]
Event: 10.335 Thread 0x0000012c761d0000 7152       1       javax.swing.DefaultBoundedRangeModel::getMinimum (5 bytes)
Event: 10.335 Thread 0x0000012c761d0000 nmethod 7152 0x0000012c58688590 code [0x0000012c58688740, 0x0000012c586887f8]
Event: 10.340 Thread 0x0000012c069c0800 7153       4       java.lang.AbstractStringBuilder::append (55 bytes)
Event: 10.341 Thread 0x0000012c761d0000 7154       3       com.st.microxplorer.altova.db.IP_Modes.RefParameterType$MemberElement_ValueCondition::exists (13 bytes)
Event: 10.341 Thread 0x0000012c761d0000 nmethod 7154 0x0000012c51cfe790 code [0x0000012c51cfe960, 0x0000012c51cfebe8]
Event: 10.342 Thread 0x0000012c761bc000 7155       4       com.st.microxplorer.altova.db.IP_Modes.ConditionType::<init> (10 bytes)
Event: 10.343 Thread 0x0000012c761d0000 7156       3       com.st.microxplorer.altova.db.IP_Modes.ParameterType$MemberElement_Condition::first (19 bytes)
Event: 10.343 Thread 0x0000012c761d0000 nmethod 7156 0x0000012c51cfed10 code [0x0000012c51cfef00, 0x0000012c51cff3f8]
Event: 10.343 Thread 0x0000012c761bc000 nmethod 7155 0x0000012c58688890 code [0x0000012c58688a20, 0x0000012c58688b88]
Event: 10.344 Thread 0x0000012c761d0000 7157       3       jdk.xml.internal.JdkXmlUtils::getValue (53 bytes)
Event: 10.345 Thread 0x0000012c761d0000 nmethod 7157 0x0000012c51cff590 code [0x0000012c51cff7e0, 0x0000012c51d000c8]
Event: 10.345 Thread 0x0000012c7825f800 7158       4       java.util.LinkedHashMap::<init> (10 bytes)
Event: 10.345 Thread 0x0000012c7825f800 nmethod 7158 0x0000012c58688c10 code [0x0000012c58688da0, 0x0000012c58688e18]
Event: 10.348 Thread 0x0000012c069c0800 nmethod 7153 0x0000012c58688f10 code [0x0000012c586890c0, 0x0000012c58689bf8]
Event: 10.349 Thread 0x0000012c761bc000 7159   !   4       jdk.internal.math.FloatingDecimal::readJavaFormatString (826 bytes)
Event: 10.350 Thread 0x0000012c761d0000 7160       3       com.st.microxplorer.altova.db.IP_Modes.ConditionType$MemberAttribute_Expression::exists (20 bytes)
Event: 10.350 Thread 0x0000012c761d0000 nmethod 7160 0x0000012c51d00310 code [0x0000012c51d004c0, 0x0000012c51d006e8]
Event: 10.350 Thread 0x0000012c761d0000 7161       3       com.st.microxplorer.mcu.RefMode::addCondition (16 bytes)
Event: 10.350 Thread 0x0000012c761d0000 nmethod 7161 0x0000012c51d00790 code [0x0000012c51d00940, 0x0000012c51d00b08]

GC Heap History (20 events):
Event: 9.228 GC heap after
{Heap after GC invocations=13 (full 0):
 garbage-first heap   total 626688K, used 84991K [0x0000000603400000, 0x0000000800000000)
  region size 2048K, 11 young (22528K), 11 survivors (22528K)
 Metaspace       used 68256K, capacity 72159K, committed 72328K, reserved 1112064K
  class space    used 7821K, capacity 9581K, committed 9600K, reserved 1048576K
}
Event: 9.370 GC heap before
{Heap before GC invocations=13 (full 0):
 garbage-first heap   total 626688K, used 437247K [0x0000000603400000, 0x0000000800000000)
  region size 2048K, 183 young (374784K), 11 survivors (22528K)
 Metaspace       used 68293K, capacity 72159K, committed 72328K, reserved 1112064K
  class space    used 7821K, capacity 9581K, committed 9600K, reserved 1048576K
}
Event: 9.376 GC heap after
{Heap after GC invocations=14 (full 0):
 garbage-first heap   total 626688K, used 88122K [0x0000000603400000, 0x0000000800000000)
  region size 2048K, 12 young (24576K), 12 survivors (24576K)
 Metaspace       used 68293K, capacity 72159K, committed 72328K, reserved 1112064K
  class space    used 7821K, capacity 9581K, committed 9600K, reserved 1048576K
}
Event: 9.514 GC heap before
{Heap before GC invocations=14 (full 0):
 garbage-first heap   total 626688K, used 438330K [0x0000000603400000, 0x0000000800000000)
  region size 2048K, 183 young (374784K), 12 survivors (24576K)
 Metaspace       used 68315K, capacity 72159K, committed 72328K, reserved 1112064K
  class space    used 7821K, capacity 9581K, committed 9600K, reserved 1048576K
}
Event: 9.519 GC heap after
{Heap after GC invocations=15 (full 0):
 garbage-first heap   total 626688K, used 90923K [0x0000000603400000, 0x0000000800000000)
  region size 2048K, 14 young (28672K), 14 survivors (28672K)
 Metaspace       used 68315K, capacity 72159K, committed 72328K, reserved 1112064K
  class space    used 7821K, capacity 9581K, committed 9600K, reserved 1048576K
}
Event: 9.624 GC heap before
{Heap before GC invocations=15 (full 0):
 garbage-first heap   total 626688K, used 437035K [0x0000000603400000, 0x0000000800000000)
  region size 2048K, 183 young (374784K), 14 survivors (28672K)
 Metaspace       used 68345K, capacity 72287K, committed 72328K, reserved 1112064K
  class space    used 7821K, capacity 9581K, committed 9600K, reserved 1048576K
}
Event: 9.630 GC heap after
{Heap after GC invocations=16 (full 0):
 garbage-first heap   total 626688K, used 94395K [0x0000000603400000, 0x0000000800000000)
  region size 2048K, 13 young (26624K), 13 survivors (26624K)
 Metaspace       used 68345K, capacity 72287K, committed 72328K, reserved 1112064K
  class space    used 7821K, capacity 9581K, committed 9600K, reserved 1048576K
}
Event: 9.729 GC heap before
{Heap before GC invocations=16 (full 0):
 garbage-first heap   total 626688K, used 442555K [0x0000000603400000, 0x0000000800000000)
  region size 2048K, 183 young (374784K), 13 survivors (26624K)
 Metaspace       used 68349K, capacity 72287K, committed 72328K, reserved 1112064K
  class space    used 7821K, capacity 9581K, committed 9600K, reserved 1048576K
}
Event: 9.735 GC heap after
{Heap after GC invocations=17 (full 0):
 garbage-first heap   total 626688K, used 96352K [0x0000000603400000, 0x0000000800000000)
  region size 2048K, 10 young (20480K), 10 survivors (20480K)
 Metaspace       used 68349K, capacity 72287K, committed 72328K, reserved 1112064K
  class space    used 7821K, capacity 9581K, committed 9600K, reserved 1048576K
}
Event: 9.838 GC heap before
{Heap before GC invocations=17 (full 0):
 garbage-first heap   total 626688K, used 450656K [0x0000000603400000, 0x0000000800000000)
  region size 2048K, 183 young (374784K), 10 survivors (20480K)
 Metaspace       used 68350K, capacity 72287K, committed 72328K, reserved 1112064K
  class space    used 7821K, capacity 9581K, committed 9600K, reserved 1048576K
}
Event: 9.841 GC heap after
{Heap after GC invocations=18 (full 0):
 garbage-first heap   total 626688K, used 98308K [0x0000000603400000, 0x0000000800000000)
  region size 2048K, 11 young (22528K), 11 survivors (22528K)
 Metaspace       used 68350K, capacity 72287K, committed 72328K, reserved 1112064K
  class space    used 7821K, capacity 9581K, committed 9600K, reserved 1048576K
}
Event: 9.952 GC heap before
{Heap before GC invocations=18 (full 0):
 garbage-first heap   total 626688K, used 450564K [0x0000000603400000, 0x0000000800000000)
  region size 2048K, 183 young (374784K), 11 survivors (22528K)
 Metaspace       used 68351K, capacity 72287K, committed 72328K, reserved 1112064K
  class space    used 7821K, capacity 9581K, committed 9600K, reserved 1048576K
}
Event: 9.957 GC heap after
{Heap after GC invocations=19 (full 0):
 garbage-first heap   total 626688K, used 99975K [0x0000000603400000, 0x0000000800000000)
  region size 2048K, 12 young (24576K), 12 survivors (24576K)
 Metaspace       used 68351K, capacity 72287K, committed 72328K, reserved 1112064K
  class space    used 7821K, capacity 9581K, committed 9600K, reserved 1048576K
}
Event: 10.047 GC heap before
{Heap before GC invocations=19 (full 0):
 garbage-first heap   total 626688K, used 450183K [0x0000000603400000, 0x0000000800000000)
  region size 2048K, 183 young (374784K), 12 survivors (24576K)
 Metaspace       used 68353K, capacity 72287K, committed 72328K, reserved 1112064K
  class space    used 7821K, capacity 9581K, committed 9600K, reserved 1048576K
}
Event: 10.051 GC heap after
{Heap after GC invocations=20 (full 0):
 garbage-first heap   total 626688K, used 101748K [0x0000000603400000, 0x0000000800000000)
  region size 2048K, 13 young (26624K), 13 survivors (26624K)
 Metaspace       used 68353K, capacity 72287K, committed 72328K, reserved 1112064K
  class space    used 7821K, capacity 9581K, committed 9600K, reserved 1048576K
}
Event: 10.134 GC heap before
{Heap before GC invocations=20 (full 0):
 garbage-first heap   total 626688K, used 449908K [0x0000000603400000, 0x0000000800000000)
  region size 2048K, 183 young (374784K), 13 survivors (26624K)
 Metaspace       used 68353K, capacity 72287K, committed 72328K, reserved 1112064K
  class space    used 7821K, capacity 9581K, committed 9600K, reserved 1048576K
}
Event: 10.141 GC heap after
{Heap after GC invocations=21 (full 0):
 garbage-first heap   total 626688K, used 103627K [0x0000000603400000, 0x0000000800000000)
  region size 2048K, 12 young (24576K), 12 survivors (24576K)
 Metaspace       used 68353K, capacity 72287K, committed 72328K, reserved 1112064K
  class space    used 7821K, capacity 9581K, committed 9600K, reserved 1048576K
}
Event: 10.227 GC heap before
{Heap before GC invocations=21 (full 0):
 garbage-first heap   total 626688K, used 453835K [0x0000000603400000, 0x0000000800000000)
  region size 2048K, 183 young (374784K), 12 survivors (24576K)
 Metaspace       used 68353K, capacity 72287K, committed 72328K, reserved 1112064K
  class space    used 7821K, capacity 9581K, committed 9600K, reserved 1048576K
}
Event: 10.231 GC heap after
{Heap after GC invocations=22 (full 0):
 garbage-first heap   total 626688K, used 105640K [0x0000000603400000, 0x0000000800000000)
  region size 2048K, 13 young (26624K), 13 survivors (26624K)
 Metaspace       used 68353K, capacity 72287K, committed 72328K, reserved 1112064K
  class space    used 7821K, capacity 9581K, committed 9600K, reserved 1048576K
}
Event: 10.358 GC heap before
{Heap before GC invocations=22 (full 0):
 garbage-first heap   total 626688K, used 453800K [0x0000000603400000, 0x0000000800000000)
  region size 2048K, 183 young (374784K), 13 survivors (26624K)
 Metaspace       used 68379K, capacity 72319K, committed 72456K, reserved 1112064K
  class space    used 7823K, capacity 9613K, committed 9728K, reserved 1048576K
}

Deoptimization events (20 events):
Event: 10.349 Thread 0x0000012c03b54800 Uncommon trap: trap_request=0xffffffbe fr.pc=0x0000012c585a677c relative=0x00000000000002bc
Event: 10.349 Thread 0x0000012c03b54800 Uncommon trap: reason=profile_predicate action=maybe_recompile pc=0x0000012c585a677c method=java.util.regex.Pattern$Slice.match(Ljava/util/regex/Matcher;ILjava/lang/CharSequence;)Z @ 18 c2
Event: 10.349 Thread 0x0000012c03b54800 DEOPT PACKING pc=0x0000012c585a677c sp=0x0000000478cfe880
Event: 10.349 Thread 0x0000012c03b54800 DEOPT UNPACKING pc=0x0000012c506ea1af sp=0x0000000478cfe7f0 mode 2
Event: 10.352 Thread 0x0000012c03b54800 Uncommon trap: trap_request=0xffffffde fr.pc=0x0000012c586721d8 relative=0x0000000000000198
Event: 10.352 Thread 0x0000012c03b54800 Uncommon trap: reason=class_check action=maybe_recompile pc=0x0000012c586721d8 method=com.st.microxplorer.altova.db.IP_Modes.SignalLogicalOpType$MemberElement_Signal$MemberElement_Signal_Iterator.hasNext()Z @ 31 c2
Event: 10.352 Thread 0x0000012c03b54800 DEOPT PACKING pc=0x0000012c586721d8 sp=0x0000000478cfe070
Event: 10.353 Thread 0x0000012c03b54800 DEOPT UNPACKING pc=0x0000012c506ea1af sp=0x0000000478cfe020 mode 2
Event: 10.353 Thread 0x0000012c03b54800 Uncommon trap: trap_request=0xffffffde fr.pc=0x0000012c586721d8 relative=0x0000000000000198
Event: 10.353 Thread 0x0000012c03b54800 Uncommon trap: reason=class_check action=maybe_recompile pc=0x0000012c586721d8 method=com.st.microxplorer.altova.db.IP_Modes.SignalLogicalOpType$MemberElement_Signal$MemberElement_Signal_Iterator.hasNext()Z @ 31 c2
Event: 10.353 Thread 0x0000012c03b54800 DEOPT PACKING pc=0x0000012c586721d8 sp=0x0000000478cfe070
Event: 10.353 Thread 0x0000012c03b54800 DEOPT UNPACKING pc=0x0000012c506ea1af sp=0x0000000478cfe020 mode 2
Event: 10.353 Thread 0x0000012c03b54800 Uncommon trap: trap_request=0xffffffde fr.pc=0x0000012c586721d8 relative=0x0000000000000198
Event: 10.353 Thread 0x0000012c03b54800 Uncommon trap: reason=class_check action=maybe_recompile pc=0x0000012c586721d8 method=com.st.microxplorer.altova.db.IP_Modes.SignalLogicalOpType$MemberElement_Signal$MemberElement_Signal_Iterator.hasNext()Z @ 31 c2
Event: 10.353 Thread 0x0000012c03b54800 DEOPT PACKING pc=0x0000012c586721d8 sp=0x0000000478cfe070
Event: 10.353 Thread 0x0000012c03b54800 DEOPT UNPACKING pc=0x0000012c506ea1af sp=0x0000000478cfe020 mode 2
Event: 10.358 Thread 0x0000012c03b54800 Uncommon trap: trap_request=0xffffffde fr.pc=0x0000012c586721d8 relative=0x0000000000000198
Event: 10.358 Thread 0x0000012c03b54800 Uncommon trap: reason=class_check action=maybe_recompile pc=0x0000012c586721d8 method=com.st.microxplorer.altova.db.IP_Modes.SignalLogicalOpType$MemberElement_Signal$MemberElement_Signal_Iterator.hasNext()Z @ 31 c2
Event: 10.358 Thread 0x0000012c03b54800 DEOPT PACKING pc=0x0000012c586721d8 sp=0x0000000478cfe070
Event: 10.358 Thread 0x0000012c03b54800 DEOPT UNPACKING pc=0x0000012c506ea1af sp=0x0000000478cfe020 mode 2

Classes redefined (0 events):
No events

Internal exceptions (20 events):
Event: 9.420 Thread 0x0000012c03b54800 Implicit null exception at 0x0000012c51b435c9 to 0x0000012c51b44190
Event: 9.420 Thread 0x0000012c03b54800 Exception <a 'java/lang/NullPointerException'{0x000000062113d460}> (0x000000062113d460) thrown at [./src/hotspot/share/runtime/sharedRuntime.cpp, line 606]
Event: 9.420 Thread 0x0000012c03b54800 Implicit null exception at 0x0000012c51b435c9 to 0x0000012c51b44190
Event: 9.420 Thread 0x0000012c03b54800 Exception <a 'java/lang/NullPointerException'{0x000000062113d730}> (0x000000062113d730) thrown at [./src/hotspot/share/runtime/sharedRuntime.cpp, line 606]
Event: 9.420 Thread 0x0000012c03b54800 Implicit null exception at 0x0000012c51b435c9 to 0x0000012c51b44190
Event: 9.420 Thread 0x0000012c03b54800 Exception <a 'java/lang/NullPointerException'{0x000000062113e4b0}> (0x000000062113e4b0) thrown at [./src/hotspot/share/runtime/sharedRuntime.cpp, line 606]
Event: 9.420 Thread 0x0000012c03b54800 Implicit null exception at 0x0000012c51b435c9 to 0x0000012c51b44190
Event: 9.420 Thread 0x0000012c03b54800 Exception <a 'java/lang/NullPointerException'{0x000000062113e780}> (0x000000062113e780) thrown at [./src/hotspot/share/runtime/sharedRuntime.cpp, line 606]
Event: 9.437 Thread 0x0000012c03b54800 Exception <a 'java/lang/NullPointerException'{0x000000061dd7bc08}> (0x000000061dd7bc08) thrown at [./src/hotspot/share/interpreter/linkResolver.cpp, line 1358]
Event: 9.437 Thread 0x0000012c03b54800 Exception <a 'java/lang/NullPointerException'{0x000000061dd7bed8}> (0x000000061dd7bed8) thrown at [./src/hotspot/share/interpreter/linkResolver.cpp, line 1358]
Event: 9.438 Thread 0x0000012c03b54800 Exception <a 'java/lang/NullPointerException'{0x000000061dd812d8}> (0x000000061dd812d8) thrown at [./src/hotspot/share/interpreter/linkResolver.cpp, line 1358]
Event: 9.438 Thread 0x0000012c03b54800 Exception <a 'java/lang/NullPointerException'{0x000000061dd815a8}> (0x000000061dd815a8) thrown at [./src/hotspot/share/interpreter/linkResolver.cpp, line 1358]
Event: 9.439 Thread 0x0000012c03b54800 Exception <a 'java/lang/NullPointerException'{0x000000061ddb6d70}> (0x000000061ddb6d70) thrown at [./src/hotspot/share/interpreter/linkResolver.cpp, line 1358]
Event: 9.439 Thread 0x0000012c03b54800 Exception <a 'java/lang/NullPointerException'{0x000000061ddb7040}> (0x000000061ddb7040) thrown at [./src/hotspot/share/interpreter/linkResolver.cpp, line 1358]
Event: 9.439 Thread 0x0000012c03b54800 Exception <a 'java/lang/NullPointerException'{0x000000061ddb8228}> (0x000000061ddb8228) thrown at [./src/hotspot/share/interpreter/linkResolver.cpp, line 1358]
Event: 9.439 Thread 0x0000012c03b54800 Exception <a 'java/lang/NullPointerException'{0x000000061ddb84f8}> (0x000000061ddb84f8) thrown at [./src/hotspot/share/interpreter/linkResolver.cpp, line 1358]
Event: 9.441 Thread 0x0000012c03b54800 Exception <a 'java/lang/NullPointerException'{0x000000061ddc4a20}> (0x000000061ddc4a20) thrown at [./src/hotspot/share/interpreter/linkResolver.cpp, line 1358]
Event: 9.441 Thread 0x0000012c03b54800 Exception <a 'java/lang/NullPointerException'{0x000000061ddc4cf0}> (0x000000061ddc4cf0) thrown at [./src/hotspot/share/interpreter/linkResolver.cpp, line 1358]
Event: 9.441 Thread 0x0000012c03b54800 Exception <a 'java/lang/NullPointerException'{0x000000061ddc5d38}> (0x000000061ddc5d38) thrown at [./src/hotspot/share/interpreter/linkResolver.cpp, line 1358]
Event: 9.441 Thread 0x0000012c03b54800 Exception <a 'java/lang/NullPointerException'{0x000000061ddc6008}> (0x000000061ddc6008) thrown at [./src/hotspot/share/interpreter/linkResolver.cpp, line 1358]

Events (20 events):
Event: 10.355 Thread 0x0000012c077cd000 Thread added: 0x0000012c077cd000
Event: 10.355 Thread 0x0000012c077cd000 Thread exited: 0x0000012c077cd000
Event: 10.355 Thread 0x0000012c077ce000 Thread added: 0x0000012c077ce000
Event: 10.355 Thread 0x0000012c077ce000 Thread exited: 0x0000012c077ce000
Event: 10.355 Thread 0x0000012c077ce000 Thread added: 0x0000012c077ce000
Event: 10.355 Thread 0x0000012c077ce000 Thread exited: 0x0000012c077ce000
Event: 10.356 Thread 0x0000012c077cd000 Thread added: 0x0000012c077cd000
Event: 10.356 Thread 0x0000012c077cd000 Thread exited: 0x0000012c077cd000
Event: 10.356 Thread 0x0000012c077ce800 Thread added: 0x0000012c077ce800
Event: 10.356 Thread 0x0000012c077ce800 Thread exited: 0x0000012c077ce800
Event: 10.356 Thread 0x0000012c077cd000 Thread added: 0x0000012c077cd000
Event: 10.356 Thread 0x0000012c077cd000 Thread exited: 0x0000012c077cd000
Event: 10.356 Thread 0x0000012c077ce000 Thread added: 0x0000012c077ce000
Event: 10.356 Thread 0x0000012c077ce000 Thread exited: 0x0000012c077ce000
Event: 10.358 Thread 0x0000012c077ce800 Thread added: 0x0000012c077ce800
Event: 10.358 Thread 0x0000012c077ce800 Thread exited: 0x0000012c077ce800
Event: 10.358 Thread 0x0000012c077ce800 Thread added: 0x0000012c077ce800
Event: 10.358 Thread 0x0000012c077ce800 Thread exited: 0x0000012c077ce800
Event: 10.358 Thread 0x0000012c077cc000 Thread added: 0x0000012c077cc000
Event: 10.358 Executing VM operation: G1CollectForAllocation


Dynamic libraries:
0x00007ff746840000 - 0x00007ff74684d000 	C:\Program Files\STMicroelectronics\STM32Cube\STM32CubeMX\jre\bin\javaw.exe
0x00007fff2ffd0000 - 0x00007fff301e7000 	C:\Windows\SYSTEM32\ntdll.dll
0x00007fff2f180000 - 0x00007fff2f244000 	C:\Windows\System32\KERNEL32.DLL
0x00007fff2d7e0000 - 0x00007fff2db86000 	C:\Windows\System32\KERNELBASE.dll
0x00007fff2a6b0000 - 0x00007fff2a747000 	C:\Windows\SYSTEM32\apphelp.dll
0x00007fff2d4e0000 - 0x00007fff2d5f1000 	C:\Windows\System32\ucrtbase.dll
0x00007fff27c80000 - 0x00007fff27c95000 	C:\Program Files\STMicroelectronics\STM32Cube\STM32CubeMX\jre\bin\VCRUNTIME140.dll
0x00007fff27c60000 - 0x00007fff27c77000 	C:\Program Files\STMicroelectronics\STM32Cube\STM32CubeMX\jre\bin\jli.dll
0x00007fff2f770000 - 0x00007fff2f91e000 	C:\Windows\System32\USER32.dll
0x00007fff2d350000 - 0x00007fff2d376000 	C:\Windows\System32\win32u.dll
0x00007fff2e6b0000 - 0x00007fff2e6d9000 	C:\Windows\System32\GDI32.dll
0x00007fff1eab0000 - 0x00007fff1ed43000 	C:\Windows\WinSxS\amd64_microsoft.windows.common-controls_6595b64144ccf1df_6.0.22621.2361_none_2712ced57382f843\COMCTL32.dll
0x00007fff2dc10000 - 0x00007fff2dd28000 	C:\Windows\System32\gdi32full.dll
0x00007fff2e500000 - 0x00007fff2e5a7000 	C:\Windows\System32\msvcrt.dll
0x00007fff2d380000 - 0x00007fff2d41a000 	C:\Windows\System32\msvcp_win.dll
0x00007fff2f730000 - 0x00007fff2f761000 	C:\Windows\System32\IMM32.DLL
0x00007fff27bc0000 - 0x00007fff27c5b000 	C:\Program Files\STMicroelectronics\STM32Cube\STM32CubeMX\jre\bin\msvcp140.dll
0x00007ffeda6b0000 - 0x00007ffedb232000 	C:\Program Files\STMicroelectronics\STM32Cube\STM32CubeMX\jre\bin\server\jvm.dll
0x00007fff2e600000 - 0x00007fff2e6b0000 	C:\Windows\System32\ADVAPI32.dll
0x00007fff2e450000 - 0x00007fff2e4f6000 	C:\Windows\System32\sechost.dll
0x00007fff2f050000 - 0x00007fff2f167000 	C:\Windows\System32\RPCRT4.dll
0x00007fff2ff80000 - 0x00007fff2ff88000 	C:\Windows\System32\PSAPI.DLL
0x00007ffefdb40000 - 0x00007ffefdb49000 	C:\Windows\SYSTEM32\WSOCK32.dll
0x00007fff25470000 - 0x00007fff2547a000 	C:\Windows\SYSTEM32\VERSION.dll
0x00007fff21fd0000 - 0x00007fff22004000 	C:\Windows\SYSTEM32\WINMM.dll
0x00007fff2f6b0000 - 0x00007fff2f721000 	C:\Windows\System32\WS2_32.dll
0x00007fff2c3e0000 - 0x00007fff2c3f8000 	C:\Windows\SYSTEM32\kernel.appcore.dll
0x00007fff29eb0000 - 0x00007fff29ec0000 	C:\Program Files\STMicroelectronics\STM32Cube\STM32CubeMX\jre\bin\verify.dll
0x00007fff20900000 - 0x00007fff20b2e000 	C:\Windows\SYSTEM32\DBGHELP.DLL
0x00007fff2f280000 - 0x00007fff2f60a000 	C:\Windows\System32\combase.dll
0x00007fff2f920000 - 0x00007fff2f9f7000 	C:\Windows\System32\OLEAUT32.dll
0x00007fff09780000 - 0x00007fff097b2000 	C:\Windows\SYSTEM32\dbgcore.DLL
0x00007fff2db90000 - 0x00007fff2dc0a000 	C:\Windows\System32\bcryptPrimitives.dll
0x00007fff27530000 - 0x00007fff27558000 	C:\Program Files\STMicroelectronics\STM32Cube\STM32CubeMX\jre\bin\java.dll
0x00007fff27bb0000 - 0x00007fff27bba000 	C:\Program Files\STMicroelectronics\STM32Cube\STM32CubeMX\jre\bin\jimage.dll
0x00007fff1f310000 - 0x00007fff1f328000 	C:\Program Files\STMicroelectronics\STM32Cube\STM32CubeMX\jre\bin\zip.dll
0x00007fff2e740000 - 0x00007fff2ef98000 	C:\Windows\System32\SHELL32.dll
0x00007fff2b270000 - 0x00007fff2bb62000 	C:\Windows\SYSTEM32\windows.storage.dll
0x00007fff2b130000 - 0x00007fff2b26e000 	C:\Windows\SYSTEM32\wintypes.dll
0x00007fff2def0000 - 0x00007fff2dfe3000 	C:\Windows\System32\SHCORE.dll
0x00007fff2e6e0000 - 0x00007fff2e73e000 	C:\Windows\System32\shlwapi.dll
0x00007fff2d280000 - 0x00007fff2d2a6000 	C:\Windows\SYSTEM32\profapi.dll
0x00007fff1f2f0000 - 0x00007fff1f309000 	C:\Program Files\STMicroelectronics\STM32Cube\STM32CubeMX\jre\bin\net.dll
0x00007fff26440000 - 0x00007fff26577000 	C:\Windows\SYSTEM32\WINHTTP.dll
0x00007fff2c8b0000 - 0x00007fff2c919000 	C:\Windows\system32\mswsock.dll
0x00007fff01c00000 - 0x00007fff01c13000 	C:\Program Files\STMicroelectronics\STM32Cube\STM32CubeMX\jre\bin\nio.dll
0x00007fff1f2e0000 - 0x00007fff1f2e9000 	C:\Program Files\STMicroelectronics\STM32Cube\STM32CubeMX\jre\bin\management.dll
0x00007fff01bf0000 - 0x00007fff01bfb000 	C:\Program Files\STMicroelectronics\STM32Cube\STM32CubeMX\jre\bin\management_ext.dll
0x00007fff04430000 - 0x00007fff04447000 	C:\Windows\system32\napinsp.dll
0x00007fff04410000 - 0x00007fff0442b000 	C:\Windows\system32\pnrpnsp.dll
0x00007fff2be70000 - 0x00007fff2bf69000 	C:\Windows\SYSTEM32\DNSAPI.dll
0x00007fff2be40000 - 0x00007fff2be6d000 	C:\Windows\SYSTEM32\IPHLPAPI.DLL
0x00007fff2f170000 - 0x00007fff2f179000 	C:\Windows\System32\NSI.dll
0x00007fff042d0000 - 0x00007fff042e1000 	C:\Windows\System32\winrnr.dll
0x00007fff25790000 - 0x00007fff257a5000 	C:\Windows\system32\wshbth.dll
0x00007fff04250000 - 0x00007fff04271000 	C:\Windows\system32\nlansp_c.dll
0x0000000054170000 - 0x0000000054196000 	C:\Program Files\Bonjour\mdnsNSP.dll
0x00007fff22840000 - 0x00007fff2284a000 	C:\Windows\System32\rasadhlp.dll
0x00007fff251b0000 - 0x00007fff25234000 	C:\Windows\System32\fwpuclnt.dll
0x00007ffeda510000 - 0x00007ffeda6aa000 	C:\Program Files\STMicroelectronics\STM32Cube\STM32CubeMX\jre\bin\awt.dll
0x00007fff2cbd0000 - 0x00007fff2cbeb000 	C:\Windows\SYSTEM32\CRYPTSP.dll
0x00007fff2c3a0000 - 0x00007fff2c3d5000 	C:\Windows\system32\rsaenh.dll
0x00007fff2c950000 - 0x00007fff2c97c000 	C:\Windows\SYSTEM32\USERENV.dll
0x00007fff2cd10000 - 0x00007fff2cd38000 	C:\Windows\SYSTEM32\bcrypt.dll
0x00007fff2cbb0000 - 0x00007fff2cbbc000 	C:\Windows\SYSTEM32\CRYPTBASE.dll
0x00007fff26220000 - 0x00007fff26239000 	C:\Windows\SYSTEM32\dhcpcsvc6.DLL
0x00007fff25ae0000 - 0x00007fff25aff000 	C:\Windows\SYSTEM32\dhcpcsvc.DLL
0x00007fff2a7b0000 - 0x00007fff2a85b000 	C:\Windows\system32\uxtheme.dll
0x00007fff2dff0000 - 0x00007fff2e13c000 	C:\Windows\System32\MSCTF.dll
0x00007fff2e1c0000 - 0x00007fff2e35f000 	C:\Windows\System32\ole32.dll
0x00007ffe879a0000 - 0x00007ffe879c6000 	C:\Users\80520\AppData\Local\youdao\dict\Application\10.1.1.0\WordStrokeHelper64.dll
0x00007fff2aa30000 - 0x00007fff2aa5b000 	C:\Windows\system32\DWMAPI.DLL
0x00007ffeee3d0000 - 0x00007ffeee4d0000 	C:\Windows\system32\opengl32.dll
0x00007ffeee340000 - 0x00007ffeee36d000 	C:\Windows\SYSTEM32\GLU32.dll
0x00007fff2aaa0000 - 0x00007fff2aad6000 	C:\Windows\SYSTEM32\dxcore.dll
0x00007ffed86c0000 - 0x00007ffed8869000 	C:\Windows\system32\d3d9.dll
0x00007fff23740000 - 0x00007fff237fc000 	C:\Windows\System32\DriverStore\FileRepository\nv_dispig.inf_amd64_6724ed3503fdbc2c\nvldumdx.dll
0x00007fff2cc20000 - 0x00007fff2cc32000 	C:\Windows\SYSTEM32\msasn1.dll
0x00007fff23690000 - 0x00007fff236c2000 	C:\Windows\SYSTEM32\cryptnet.dll
0x00007fff2d600000 - 0x00007fff2d766000 	C:\Windows\System32\CRYPT32.dll
0x00007fff22ea0000 - 0x00007fff22ff8000 	C:\Windows\SYSTEM32\drvstore.dll
0x00007fff2d010000 - 0x00007fff2d03c000 	C:\Windows\SYSTEM32\devobj.dll
0x00007fff2d060000 - 0x00007fff2d0ae000 	C:\Windows\SYSTEM32\CFGMGR32.dll
0x00007fff2cb30000 - 0x00007fff2cb7b000 	C:\Windows\SYSTEM32\wldp.dll
0x00007fff2d770000 - 0x00007fff2d7dc000 	C:\Windows\System32\wintrust.dll
0x00007fff2f260000 - 0x00007fff2f27f000 	C:\Windows\System32\imagehlp.dll
0x00007ffed5ed0000 - 0x00007ffed86c0000 	C:\Windows\System32\DriverStore\FileRepository\nv_dispig.inf_amd64_6724ed3503fdbc2c\nvd3dumx.dll
0x00007fff27490000 - 0x00007fff274da000 	C:\Windows\SYSTEM32\directxdatabasehelper.dll
0x00007fff2c920000 - 0x00007fff2c946000 	C:\Windows\SYSTEM32\gpapi.dll
0x00007ffedd4d0000 - 0x00007ffedd553000 	C:\Program Files\STMicroelectronics\STM32Cube\STM32CubeMX\jre\bin\freetype.dll
0x00007ffeda440000 - 0x00007ffeda502000 	C:\Program Files\STMicroelectronics\STM32Cube\STM32CubeMX\jre\bin\fontmanager.dll
0x00007ffeffd60000 - 0x00007ffeffd69000 	C:\Program Files\STMicroelectronics\STM32Cube\STM32CubeMX\jre\bin\prefs.dll
0x00007ffeda410000 - 0x00007ffeda435000 	C:\Program Files\STMicroelectronics\STM32Cube\STM32CubeMX\jre\bin\sunec.dll
0x00007ffeffd50000 - 0x00007ffeffd5e000 	C:\Program Files\STMicroelectronics\STM32Cube\STM32CubeMX\jre\bin\sunmscapi.dll
0x00007fff2cce0000 - 0x00007fff2cd0d000 	C:\Windows\SYSTEM32\ncrypt.dll
0x00007fff2cca0000 - 0x00007fff2ccd7000 	C:\Windows\SYSTEM32\NTASN1.dll
0x00007fff15350000 - 0x00007fff153ba000 	C:\Windows\system32\ncryptprov.dll
0x00007ffeffd20000 - 0x00007ffeffd4d000 	C:\Program Files\STMicroelectronics\STM32Cube\STM32CubeMX\jre\bin\javajpeg.dll
0x00007fff2efa0000 - 0x00007fff2f050000 	C:\Windows\System32\clbcatq.dll
0x00007fff28fd0000 - 0x00007fff29180000 	C:\Windows\SYSTEM32\WindowsCodecs.dll
0x00007ffeee370000 - 0x00007ffeee3ce000 	C:\Windows\system32\dataexchange.dll
0x00007fff24430000 - 0x00007fff246b5000 	C:\Windows\system32\twinapi.appcore.dll
0x00007fff16350000 - 0x00007fff1649a000 	C:\Windows\SYSTEM32\textinputframework.dll

dbghelp: loaded successfully - version: 4.0.5 - missing functions: none
symbol engine: initialized successfully - sym options: 0x614 - pdb path: .;C:\Program Files\STMicroelectronics\STM32Cube\STM32CubeMX\jre\bin;C:\Windows\SYSTEM32;C:\Windows\WinSxS\amd64_microsoft.windows.common-controls_6595b64144ccf1df_6.0.22621.2361_none_2712ced57382f843;C:\Program Files\STMicroelectronics\STM32Cube\STM32CubeMX\jre\bin\server;C:\Program Files\Bonjour;C:\Users\80520\AppData\Local\youdao\dict\Application\10.1.1.0;C:\Windows\System32\DriverStore\FileRepository\nv_dispig.inf_amd64_6724ed3503fdbc2c

VM Arguments:
jvm_args: -Djavax.net.ssl.trustStoreType=WINDOWS-ROOT 
java_command: com.st.microxplorer.maingui.STM32CubeMX C:\Users\80520\Desktop\STM32H7B0\base_1\STM32H7B0.ioc
java_class_path (initial): C:\Program Files\STMicroelectronics\STM32Cube\STM32CubeMX\STM32CubeMX.exe;anything
Launcher Type: SUN_STANDARD

[Global flags]
     intx CICompilerCount                          = 4                                         {product} {ergonomic}
     uint ConcGCThreads                            = 3                                         {product} {ergonomic}
     uint G1ConcRefinementThreads                  = 10                                        {product} {ergonomic}
   size_t G1HeapRegionSize                         = 2097152                                   {product} {ergonomic}
    uintx GCDrainStackTargetSize                   = 64                                        {product} {ergonomic}
   size_t InitialHeapSize                          = 534773760                                 {product} {ergonomic}
   size_t MarkStackSize                            = 4194304                                   {product} {ergonomic}
   size_t MaxHeapSize                              = 8535408640                                {product} {ergonomic}
   size_t MaxNewSize                               = 5121245184                                {product} {ergonomic}
   size_t MinHeapDeltaBytes                        = 2097152                                   {product} {ergonomic}
    uintx NonNMethodCodeHeapSize                   = 5836300                                {pd product} {ergonomic}
    uintx NonProfiledCodeHeapSize                  = 122910970                              {pd product} {ergonomic}
    uintx ProfiledCodeHeapSize                     = 122910970                              {pd product} {ergonomic}
    uintx ReservedCodeCacheSize                    = 251658240                              {pd product} {ergonomic}
     bool SegmentedCodeCache                       = true                                      {product} {ergonomic}
     bool UseCompressedClassPointers               = true                                 {lp64_product} {ergonomic}
     bool UseCompressedOops                        = true                                 {lp64_product} {ergonomic}
     bool UseG1GC                                  = true                                      {product} {ergonomic}
     bool UseLargePagesIndividualAllocation        = false                                  {pd product} {ergonomic}

Logging:
Log output configuration:
 #0: stdout all=warning uptime,level,tags
 #1: stderr all=off uptime,level,tags

Environment Variables:
PATH=C:\Program Files\STMicroelectronics\STM32Cube\STM32CubeMX\;C:\Program Files (x86)\NVIDIA Corporation\PhysX\Common;C:\Program Files\Microsoft\jdk-11.0.16.101-hotspot\bin;C:\Windows\system32;C:\Windows;C:\Windows\System32\Wbem;C:\Windows\System32\WindowsPowerShell\v1.0\;C:\Windows\System32\OpenSSH\;C:\Program Files\Bandizip\;C:\Program Files\Microsoft SQL Server\150\Tools\Binn\;C:\Program Files (x86)\Windows Kits\10\Windows Performance Toolkit\;C:\Program Files\Microsoft SQL Server\Client SDK\ODBC\170\Tools\Binn\;C:\Program Files (x86)\Microsoft SQL Server\150\Tools\Binn\;C:\Program Files\Microsoft SQL Server\150\DTS\Binn\;C:\Program Files (x86)\Windows Kits\8.1\Windows Performance Toolkit\;C:\Program Files\Git\cmd;C:\mingw32\bin;C:\Program Files\dotnet\;C:\Program Files\Docker\Docker\resources\bin;C:\Users\80520\AppData\Local\Programs\Python\Python311\Scripts\;C:\Users\80520\AppData\Local\Programs\Python\Python311\;C:\Users\80520\AppData\Local\Microsoft\WindowsApps;C:\Users\80520\AppData\Local\GitHubDesktop\bin;C:\Users\80520\AppData\Local\Programs\Microsoft VS Code\bin;C:\Program Files\JetBrains\PyCharm Community Edition 2023.2.1\bin;;C:\Users\80520\AppData\Local\JetBrains\CLion 2023.2.1\bin;;C:\Users\80520\.dotnet\tools;C:\Program Files\STMicroelectronics\STM32Cube\STM32CubeMX\.\jre\\bin
USERNAME=80520
OS=Windows_NT
PROCESSOR_IDENTIFIER=Intel64 Family 6 Model 151 Stepping 5, GenuineIntel
TMP=C:\Users\80520\AppData\Local\Temp
TEMP=C:\Users\80520\AppData\Local\Temp



---------------  S Y S T E M  ---------------

OS: Windows 11 , 64 bit Build 22621 (10.0.22621.2361)
OS uptime: 0 days 0:15 hours
Hyper-V role detected

CPU:total 12 (initial active 12) (6 cores per cpu, 2 threads per core) family 6 model 151 stepping 5 microcode 0x1a, cmov, cx8, fxsr, mmx, sse, sse2, sse3, ssse3, sse4.1, sse4.2, popcnt, avx, avx2, aes, clmul, erms, 3dnowpref, lzcnt, ht, tsc, tscinvbit, bmi1, bmi2, adx, sha, fma

Memory: 4k page, system-wide physical 32555M (22281M free)
TotalPageFile size 37419M (AvailPageFile size 22621M)
current process WorkingSet (physical memory assigned to process): 694M, peak: 717M
current process commit charge ("private bytes"): 921M, peak: 950M

vm_info: OpenJDK 64-Bit Server VM (11.0.17+8) for windows-amd64 JRE (11.0.17+8), built on Oct 19 2022 00:04:05 by "" with MS VC++ 15.9 (VS2017)

END.
